#
# A fatal error has been detected by the Java Runtime Environment:
#
#  EXCEPTION_ACCESS_VIOLATION (0xc0000005) at pc=0x00007ffc7f6a53a9, pid=5232, tid=6300
#
# JRE version: OpenJDK Runtime Environment Temurin-17.0.13+11 (17.0.13+11) (build 17.0.13+11)
# Java VM: OpenJDK 64-Bit Server VM Temurin-17.0.13+11 (17.0.13+11, mixed mode, tiered, compressed oops, compressed class ptrs, parallel gc, windows-amd64)
# Problematic frame:
# V  [jvm.dll+0x6b53a9]
#
# No core dump will be written. Minidumps are not enabled by default on client versions of Windows
#
# If you would like to submit a bug report, please visit:
#   https://github.com/adoptium/adoptium-support/issues
#

---------------  S U M M A R Y ------------

Command Line: --add-modules=ALL-SYSTEM --add-opens=java.base/java.util=ALL-UNNAMED --add-opens=java.base/java.lang=ALL-UNNAMED --add-opens=java.base/sun.nio.fs=ALL-UNNAMED -Declipse.application=org.eclipse.jdt.ls.core.id1 -Dosgi.bundles.defaultStartLevel=4 -Declipse.product=org.eclipse.jdt.ls.core.product -Djava.import.generatesMetadataFilesAtProjectRoot=false -DDetectVMInstallationsJob.disabled=true -Dfile.encoding=utf8 -XX:+UseParallelGC -XX:GCTimeRatio=4 -XX:AdaptiveSizePolicyWeight=90 -Dsun.zip.disableMemoryMapping=true -Xmx1G -Xms100m -Xlog:disable -javaagent:c:\Users\E2Ps ICT\.vscode\extensions\redhat.java-1.36.0-win32-x64\lombok\lombok-1.18.35.jar -XX:+HeapDumpOnOutOfMemoryError -XX:HeapDumpPath=c:\Users\E2Ps ICT\AppData\Roaming\Code\User\workspaceStorage\50988126d49c3e6e2ac9cc652b034ccd\redhat.java -Daether.dependencyCollector.impl=bf c:\Users\E2Ps ICT\.vscode\extensions\redhat.java-1.36.0-win32-x64\server\plugins\org.eclipse.equinox.launcher_1.6.900.v20240613-2009.jar -configuration c:\Users\E2Ps ICT\AppData\Roaming\Code\User\globalStorage\redhat.java\1.36.0\config_win -data c:\Users\E2Ps ICT\AppData\Roaming\Code\User\workspaceStorage\50988126d49c3e6e2ac9cc652b034ccd\redhat.java\jdt_ws --pipe=\\.\pipe\lsp-9cb3ae91d383ea9c7f77c0918daa3a62-sock

Host: 12th Gen Intel(R) Core(TM) i7-12700K, 20 cores, 31G,  Windows 11 , 64 bit Build 22621 (10.0.22621.3958)
Time: Thu Nov 14 15:38:21 2024 Malay Peninsula Standard Time elapsed time: 252.997588 seconds (0d 0h 4m 12s)

---------------  T H R E A D  ---------------

Current thread (0x000001c1da5f4d70):  GCTaskThread "GC Thread#8" [stack: 0x000000780a400000,0x000000780a500000] [id=6300]

Stack: [0x000000780a400000,0x000000780a500000],  sp=0x000000780a4ff6b0,  free space=1021k
Native frames: (J=compiled Java code, j=interpreted, Vv=VM code, C=native code)
V  [jvm.dll+0x6b53a9]
V  [jvm.dll+0x6bda89]
V  [jvm.dll+0x6beb0a]
V  [jvm.dll+0x86725b]
V  [jvm.dll+0x8672a6]
V  [jvm.dll+0x7e8ffc]
V  [jvm.dll+0x6818f7]
C  [ucrtbase.dll+0x29333]
C  [KERNEL32.DLL+0x1257d]
C  [ntdll.dll+0x5af08]


siginfo: EXCEPTION_ACCESS_VIOLATION (0xc0000005), reading address 0x000010010066b868


Registers:
RAX=0x000010010066b7d0, RBX=0x00000000c152df7c, RCX=0x00000000c152df10, RDX=0x0000000000000010
RSP=0x000000780a4ff6b0, RBP=0x00000000cdfe2000, RSI=0x00000000c152df7c, RDI=0x000000780a4ff720
R8 =0x000001c1cf890000, R9 =0x00000000000032cf, R10=0x000000000000005e, R11=0x0000000000000003
R12=0x0000000000000010, R13=0x00007ffc7f9a6448, R14=0x00000000c152df10, R15=0x00000078086fe878
RIP=0x00007ffc7f6a53a9, EFLAGS=0x0000000000010202


Register to memory mapping:

RIP=0x00007ffc7f6a53a9 jvm.dll
RAX=0x000010010066b7d0 is an unknown value
RBX=0x00000000c152df7c is pointing into object: java.lang.Class 
{0x00000000c152df10} - klass: 'java/lang/Class'
 - ---- fields (total size 14 words):
 - private volatile transient 'classRedefinedCount' 'I' @12  0
 - private volatile transient 'cachedConstructor' 'Ljava/lang/reflect/Constructor;' @40  NULL (0)
 - private transient 'name' 'Ljava/lang/String;' @44  NULL (0)
 - private transient 'module' 'Ljava/lang/Module;' @48  a 'java/lang/Module'{0x00000000c0659e88} (c0659e88)
 - private final 'classLoader' 'Ljava/lang/ClassLoader;' @52  NULL (0)
 - private transient 'classData' 'Ljava/lang/Object;' @56  NULL (0)
 - private transient 'packageName' 'Ljava/lang/String;' @60  NULL (0)
 - private final 'componentType' 'Ljava/lang/Class;' @64  NULL (0)
 - private volatile transient 'reflectionData' 'Ljava/lang/ref/SoftReference;' @68  NULL (0)
 - private volatile transient 'genericInfo' 'Lsun/reflect/generics/repository/ClassRepository;' @72  NULL (0)
 - private volatile transient 'enumConstants' '[Ljava/lang/Object;' @76  NULL (0)
 - private volatile transient 'enumConstantDirectory' 'Ljava/util/Map;' @80  NULL (0)
 - private volatile transient 'annotationData' 'Ljava/lang/Class$AnnotationData;' @84  NULL (0)
 - private volatile transient 'annotationType' 'Lsun/reflect/annotation/AnnotationType;' @88  NULL (0)
 - transient 'classValueMap' 'Ljava/lang/ClassValue$ClassValueMap;' @92  NULL (0)
 - signature: 
[error occurred during error reporting (printing register info), id 0xc0000005, EXCEPTION_ACCESS_VIOLATION (0xc0000005) at pc=0x00007ffc7f383f33]

Top of Stack: (sp=0x000000780a4ff6b0)
0x000000780a4ff6b0:   00000000c152df40 0000000000000008
0x000000780a4ff6c0:   00007ffc7f9a6448 00000078086fe878
0x000000780a4ff6d0:   0000000000000008 00000000cdede930
0x000000780a4ff6e0:   000001c1d6ae0090 00007ffc7f6ada89
0x000000780a4ff6f0:   00000000cdfe2000 00000078086fe878
0x000000780a4ff700:   00007ffc7fb25840 000001c1d6ae0090
0x000000780a4ff710:   00000000cdf79ff0 0000000000019800
0x000000780a4ff720:   00007ffc7f9a6448 000001c1bdc14750
0x000000780a4ff730:   0000000000000003 000001c1d6ae0090
0x000000780a4ff740:   0000000000000028 000001c1de257d00
0x000000780a4ff750:   00000078086fe838 00000078086fe730
0x000000780a4ff760:   0000000000000000 00007ffc7f6aeb0a
0x000000780a4ff770:   0000000000000005 000000780a4ff7f0
0x000000780a4ff780:   00000000c152df10 0000000000000002
0x000000780a4ff790:   0000000000000168 00000078086ff028
0x000000780a4ff7a0:   0000000800000002 000001c1d6ae0090
0x000000780a4ff7b0:   00007ffc7f9a6c38 000001c1d6ae0090
0x000000780a4ff7c0:   00007ffc7f9a6e40 0000000000000008
0x000000780a4ff7d0:   0000000000000000 0000000000000000
0x000000780a4ff7e0:   0000000000000000 000081dc6d3980a2
0x000000780a4ff7f0:   0000000000000000 000001c1da5f4d70
0x000000780a4ff800:   0000000000000000 0000000000000000
0x000000780a4ff810:   00000078086fe730 000001c1da5f4d70
0x000000780a4ff820:   0000000000000000 00007ffc7f85725b
0x000000780a4ff830:   0000000000000009 0000000000000000
0x000000780a4ff840:   0000000000000009 00000078086fe730
0x000000780a4ff850:   00000000000075a3 00007ffc7f8572a6
0x000000780a4ff860:   000001c1da5f4d70 00000078ffffffff
0x000000780a4ff870:   000001c1bdbf90a0 0000000000000000
0x000000780a4ff880:   000001c1da5f4d70 00007ffc7f7d8ffc
0x000000780a4ff890:   000001c1da5f4d70 00007ffc7f7de7fa
0x000000780a4ff8a0:   0000000000000000 00007ffcbcc8922b 

Instructions: (pc=0x00007ffc7f6a53a9)
0x00007ffc7f6a52a9:   3c 8b 0d 48 b0 46 00 8b d8 4d 8b 46 10 48 d3 e3
0x00007ffc7f6a52b9:   48 8d 0d c0 16 4f 00 48 03 1d 29 b0 46 00 48 8b
0x00007ffc7f6a52c9:   d3 e8 e1 42 00 00 48 3b c3 74 12 48 2b 05 15 b0
0x00007ffc7f6a52d9:   46 00 8b 0d 17 b0 46 00 48 d3 e8 89 07 48 83 c7
0x00007ffc7f6a52e9:   04 48 3b fe 72 b5 48 8b 5c 24 58 48 83 c4 20 41
0x00007ffc7f6a52f9:   5e 5f 5e c3 cc cc cc 48 89 5c 24 18 56 57 41 56
0x00007ffc7f6a5309:   48 83 ec 20 49 8b d8 48 89 6c 24 40 44 8b 41 10
0x00007ffc7f6a5319:   4c 8b f2 48 8b f9 4c 89 7c 24 48 48 8b d1 45 33
0x00007ffc7f6a5329:   c9 48 8b 8b 98 00 00 00 e8 4a ef b3 ff 4c 63 93
0x00007ffc7f6a5339:   a0 00 00 00 4c 63 8b 24 01 00 00 49 83 c2 39 8b
0x00007ffc7f6a5349:   83 20 01 00 00 4d 03 d1 49 03 c2 4a 8d 2c d3 4c
0x00007ffc7f6a5359:   8d 3c c3 49 3b ef 73 31 48 63 5d 00 8b 45 04 49
0x00007ffc7f6a5369:   03 de 48 8d 34 83 48 3b de 73 15 48 8b 4f 18 48
0x00007ffc7f6a5379:   8b d3 e8 20 f3 ff ff 48 83 c3 04 48 3b de 72 eb
0x00007ffc7f6a5389:   48 83 c5 08 49 3b ef 72 cf 49 8b ce e8 86 58 cd
0x00007ffc7f6a5399:   ff 4c 8b 7c 24 48 48 8b 6c 24 40 48 85 c0 74 1b
0x00007ffc7f6a53a9:   48 8b 88 98 00 00 00 48 85 c9 74 42 44 8b 47 10
0x00007ffc7f6a53b9:   45 33 c9 48 8b d7 e8 bc ee b3 ff 48 63 1d 75 82
0x00007ffc7f6a53c9:   4d 00 49 8b ce 49 03 de e8 8a 0b ce ff 48 63 c8
0x00007ffc7f6a53d9:   48 8d 34 8b 48 3b de 73 15 48 8b 4f 18 48 8b d3
0x00007ffc7f6a53e9:   e8 b2 f2 ff ff 48 83 c3 04 48 3b de 72 eb 48 8b
0x00007ffc7f6a53f9:   5c 24 50 48 83 c4 20 41 5e 5f 5e c3 cc cc cc cc
0x00007ffc7f6a5409:   cc cc cc cc cc cc cc 49 8b c0 4c 8b c1 48 8b c8
0x00007ffc7f6a5419:   e9 02 f3 ff ff cc cc 49 8b c0 4c 8b c1 48 8b c8
0x00007ffc7f6a5429:   e9 c2 f4 ff ff cc cc 40 55 41 54 41 55 41 56 41
0x00007ffc7f6a5439:   57 48 83 ec 20 4d 63 90 a0 00 00 00 4d 8b e0 4d
0x00007ffc7f6a5449:   63 88 24 01 00 00 49 83 c2 39 41 8b 80 20 01 00
0x00007ffc7f6a5459:   00 4d 03 d1 49 03 c2 4c 8b ea 4c 8b f1 4b 8d 2c
0x00007ffc7f6a5469:   d0 4d 8d 3c c0 49 3b ef 0f 83 8f 00 00 00 48 89
0x00007ffc7f6a5479:   5c 24 50 48 89 74 24 58 48 89 7c 24 68 66 66 0f
0x00007ffc7f6a5489:   1f 84 00 00 00 00 00 48 63 5d 00 8b 45 04 49 03
0x00007ffc7f6a5499:   dd 48 8d 34 83 48 3b de 73 4b 8b 03 85 c0 74 3c 


Stack slot to memory mapping:
stack at sp + 0 slots: 0x00000000c152df40 is pointing into object: java.lang.Class 
{0x00000000c152df10} - klass: 'java/lang/Class'
 - ---- fields (total size 14 words):
 - private volatile transient 'classRedefinedCount' 'I' @12  0
 - private volatile transient 'cachedConstructor' 'Ljava/lang/reflect/Constructor;' @40  NULL (0)
 - private transient 'name' 'Ljava/lang/String;' @44  NULL (0)
 - private transient 'module' 'Ljava/lang/Module;' @48  a 'java/lang/Module'{0x00000000c0659e88} (c0659e88)
 - private final 'classLoader' 'Ljava/lang/ClassLoader;' @52  NULL (0)
 - private transient 'classData' 'Ljava/lang/Object;' @56  NULL (0)
 - private transient 'packageName' 'Ljava/lang/String;' @60  NULL (0)
 - private final 'componentType' 'Ljava/lang/Class;' @64  NULL (0)
 - private volatile transient 'reflectionData' 'Ljava/lang/ref/SoftReference;' @68  NULL (0)
 - private volatile transient 'genericInfo' 'Lsun/reflect/generics/repository/ClassRepository;' @72  NULL (0)
 - private volatile transient 'enumConstants' '[Ljava/lang/Object;' @76  NULL (0)
 - private volatile transient 'enumConstantDirectory' 'Ljava/util/Map;' @80  NULL (0)
 - private volatile transient 'annotationData' 'Ljava/lang/Class$AnnotationData;' @84  NULL (0)
 - private volatile transient 'annotationType' 'Lsun/reflect/annotation/AnnotationType;' @88  NULL (0)
 - transient 'classValueMap' 'Ljava/lang/ClassValue$ClassValueMap;' @92  NULL (0)
 - signature: 
[error occurred during error reporting (inspecting top of stack), id 0xc0000005, EXCEPTION_ACCESS_VIOLATION (0xc0000005) at pc=0x00007ffc7f383f33]


---------------  P R O C E S S  ---------------

Threads class SMR info:
_java_thread_list=0x000001c1d9374740, length=97, elements={
0x000001c1bdbfd490, 0x000001c1bdcaeaf0, 0x000001c1d1a82170, 0x000001c1d1a8aed0,
0x000001c1d1a8bc60, 0x000001c1d1a8e290, 0x000001c1d6c0b7b0, 0x000001c1d6c19c40,
0x000001c1d6c1acf0, 0x000001c1d6c1c580, 0x000001c1d6d3e020, 0x000001c1d940c9c0,
0x000001c1d9b827b0, 0x000001c1d9e9b8e0, 0x000001c1d9f1d4c0, 0x000001c1da3cb3e0,
0x000001c1da1e3000, 0x000001c1d6c96c80, 0x000001c1d6c980c0, 0x000001c1d6c97bb0,
0x000001c1d6c98ae0, 0x000001c1d6c99500, 0x000001c1d6c96260, 0x000001c1db088c30,
0x000001c1db089140, 0x000001c1db086dd0, 0x000001c1db089b60, 0x000001c1db084f70,
0x000001c1db0863b0, 0x000001c1db08a070, 0x000001c1db084040, 0x000001c1db08aa90,
0x000001c1db084550, 0x000001c1db08a580, 0x000001c1db088720, 0x000001c1db085480,
0x000001c1db089650, 0x000001c1db085990, 0x000001c1db085ea0, 0x000001c1db0868c0,
0x000001c1db0872e0, 0x000001c1db08b9c0, 0x000001c1db0877f0, 0x000001c1db084a60,
0x000001c1db088210, 0x000001c1db08afa0, 0x000001c1db08b4b0, 0x000001c1dfa5d260,
0x000001c1dfa5f0c0, 0x000001c1dfa5fff0, 0x000001c1dfa62d80, 0x000001c1dfa5f5d0,
0x000001c1dfa5c330, 0x000001c1dfa5d770, 0x000001c1dfa5e6a0, 0x000001c1dfa62360,
0x000001c1dfa5fae0, 0x000001c1dfa63290, 0x000001c1dfa61430, 0x000001c1dfa60500,
0x000001c1dfa5cd50, 0x000001c1dfa5e190, 0x000001c1dfa61940, 0x000001c1dfa61e50,
0x000001c1db242d20, 0x000001c1db241df0, 0x000001c1db23eb50, 0x000001c1db240ec0,
0x000001c1db242810, 0x000001c1db23ff90, 0x000001c1db2409b0, 0x000001c1db23f060,
0x000001c1db243230, 0x000001c1db243740, 0x000001c1db243c50, 0x000001c1db2404a0,
0x000001c1db245090, 0x000001c1db244160, 0x000001c1db23e130, 0x000001c1db242300,
0x000001c1db245ab0, 0x000001c1db2413d0, 0x000001c1db244670, 0x000001c1db2418e0,
0x000001c1db244b80, 0x000001c1dfd02870, 0x000001c1dfd00a10, 0x000001c1dfd02360,
0x000001c1dfd00f20, 0x000001c1dfd01940, 0x000001c1dfd03cb0, 0x000001c1dfd03290,
0x000001c1dfd01e50, 0x000001c1dfd037a0, 0x000001c1d6c97190, 0x000001c1dfa5ebb0,
0x000001c1de7c6d00
}

Java Threads: ( => current thread )
  0x000001c1bdbfd490 JavaThread "main" [_thread_blocked, id=14888, stack(0x0000007808400000,0x0000007808500000)]
  0x000001c1bdcaeaf0 JavaThread "Reference Handler" daemon [_thread_blocked, id=3108, stack(0x0000007808700000,0x0000007808800000)]
  0x000001c1d1a82170 JavaThread "Finalizer" daemon [_thread_blocked, id=13744, stack(0x0000007808800000,0x0000007808900000)]
  0x000001c1d1a8aed0 JavaThread "Signal Dispatcher" daemon [_thread_blocked, id=13272, stack(0x0000007808900000,0x0000007808a00000)]
  0x000001c1d1a8bc60 JavaThread "Attach Listener" daemon [_thread_blocked, id=14556, stack(0x0000007808a00000,0x0000007808b00000)]
  0x000001c1d1a8e290 JavaThread "Service Thread" daemon [_thread_blocked, id=12172, stack(0x0000007808b00000,0x0000007808c00000)]
  0x000001c1d6c0b7b0 JavaThread "Monitor Deflation Thread" daemon [_thread_blocked, id=6236, stack(0x0000007808c00000,0x0000007808d00000)]
  0x000001c1d6c19c40 JavaThread "C2 CompilerThread0" daemon [_thread_blocked, id=3172, stack(0x0000007808d00000,0x0000007808e00000)]
  0x000001c1d6c1acf0 JavaThread "C1 CompilerThread0" daemon [_thread_blocked, id=9220, stack(0x0000007808e00000,0x0000007808f00000)]
  0x000001c1d6c1c580 JavaThread "Sweeper thread" daemon [_thread_blocked, id=14536, stack(0x0000007808f00000,0x0000007809000000)]
  0x000001c1d6d3e020 JavaThread "Common-Cleaner" daemon [_thread_blocked, id=14228, stack(0x0000007809000000,0x0000007809100000)]
  0x000001c1d940c9c0 JavaThread "Notification Thread" daemon [_thread_blocked, id=6216, stack(0x0000007809600000,0x0000007809700000)]
  0x000001c1d9b827b0 JavaThread "Active Thread: Equinox Container: 1cb15e8e-083c-4b46-8704-01235c966339" [_thread_blocked, id=2860, stack(0x0000007809d00000,0x0000007809e00000)]
  0x000001c1d9e9b8e0 JavaThread "Refresh Thread: Equinox Container: 1cb15e8e-083c-4b46-8704-01235c966339" daemon [_thread_blocked, id=6504, stack(0x0000007809e00000,0x0000007809f00000)]
  0x000001c1d9f1d4c0 JavaThread "Framework Event Dispatcher: Equinox Container: 1cb15e8e-083c-4b46-8704-01235c966339" daemon [_thread_blocked, id=9224, stack(0x000000780a100000,0x000000780a200000)]
  0x000001c1da3cb3e0 JavaThread "Start Level: Equinox Container: 1cb15e8e-083c-4b46-8704-01235c966339" daemon [_thread_blocked, id=6552, stack(0x000000780a200000,0x000000780a300000)]
  0x000001c1da1e3000 JavaThread "Bundle File Closer" daemon [_thread_blocked, id=13556, stack(0x000000780a300000,0x000000780a400000)]
  0x000001c1d6c96c80 JavaThread "SCR Component Actor" daemon [_thread_blocked, id=3984, stack(0x000000780a500000,0x000000780a600000)]
  0x000001c1d6c980c0 JavaThread "Worker-JM" [_thread_blocked, id=8652, stack(0x000000780aa00000,0x000000780ab00000)]
  0x000001c1d6c97bb0 JavaThread "Java indexing" daemon [_thread_blocked, id=11680, stack(0x000000780b100000,0x000000780b200000)]
  0x000001c1d6c98ae0 JavaThread "JNA Cleaner" daemon [_thread_blocked, id=9080, stack(0x000000780b200000,0x000000780b300000)]
  0x000001c1d6c99500 JavaThread "Thread-2" daemon [_thread_in_native, id=6860, stack(0x000000780b300000,0x000000780b400000)]
  0x000001c1d6c96260 JavaThread "Thread-3" daemon [_thread_in_native, id=8080, stack(0x000000780b400000,0x000000780b500000)]
  0x000001c1db088c30 JavaThread "Thread-4" daemon [_thread_in_native, id=7812, stack(0x000000780b500000,0x000000780b600000)]
  0x000001c1db089140 JavaThread "Thread-5" daemon [_thread_in_native, id=8040, stack(0x000000780b600000,0x000000780b700000)]
  0x000001c1db086dd0 JavaThread "Thread-6" daemon [_thread_in_native, id=2928, stack(0x000000780b700000,0x000000780b800000)]
  0x000001c1db089b60 JavaThread "Thread-7" daemon [_thread_in_native, id=7784, stack(0x000000780b800000,0x000000780b900000)]
  0x000001c1db084f70 JavaThread "Thread-8" daemon [_thread_in_native, id=5728, stack(0x000000780b900000,0x000000780ba00000)]
  0x000001c1db0863b0 JavaThread "Thread-9" daemon [_thread_in_native, id=12888, stack(0x000000780ba00000,0x000000780bb00000)]
  0x000001c1db08a070 JavaThread "Thread-10" daemon [_thread_in_native, id=4280, stack(0x000000780bb00000,0x000000780bc00000)]
  0x000001c1db084040 JavaThread "Thread-11" daemon [_thread_in_native, id=7076, stack(0x000000780bc00000,0x000000780bd00000)]
  0x000001c1db08aa90 JavaThread "Thread-12" daemon [_thread_in_native, id=15180, stack(0x000000780bd00000,0x000000780be00000)]
  0x000001c1db084550 JavaThread "Thread-13" daemon [_thread_in_native, id=8736, stack(0x000000780be00000,0x000000780bf00000)]
  0x000001c1db08a580 JavaThread "Thread-14" daemon [_thread_in_native, id=10308, stack(0x000000780bf00000,0x000000780c000000)]
  0x000001c1db088720 JavaThread "Thread-15" daemon [_thread_in_native, id=6360, stack(0x000000780c000000,0x000000780c100000)]
  0x000001c1db085480 JavaThread "Thread-16" daemon [_thread_in_native, id=12300, stack(0x000000780c100000,0x000000780c200000)]
  0x000001c1db089650 JavaThread "Thread-17" daemon [_thread_in_native, id=6180, stack(0x000000780c200000,0x000000780c300000)]
  0x000001c1db085990 JavaThread "Thread-18" daemon [_thread_in_native, id=14284, stack(0x000000780c300000,0x000000780c400000)]
  0x000001c1db085ea0 JavaThread "Thread-19" daemon [_thread_in_native, id=14568, stack(0x000000780c400000,0x000000780c500000)]
  0x000001c1db0868c0 JavaThread "Thread-20" daemon [_thread_in_native, id=8296, stack(0x000000780c500000,0x000000780c600000)]
  0x000001c1db0872e0 JavaThread "Thread-21" daemon [_thread_in_native, id=9884, stack(0x000000780c600000,0x000000780c700000)]
  0x000001c1db08b9c0 JavaThread "Thread-22" daemon [_thread_in_native, id=12256, stack(0x000000780c700000,0x000000780c800000)]
  0x000001c1db0877f0 JavaThread "pool-2-thread-1" [_thread_blocked, id=6888, stack(0x000000780c800000,0x000000780c900000)]
  0x000001c1db084a60 JavaThread "WorkspaceEventsHandler" [_thread_blocked, id=10672, stack(0x000000780c900000,0x000000780ca00000)]
  0x000001c1db088210 JavaThread "pool-1-thread-1" [_thread_blocked, id=8520, stack(0x000000780ca00000,0x000000780cb00000)]
  0x000001c1db08afa0 JavaThread "Worker-2" [_thread_blocked, id=7356, stack(0x000000780ce00000,0x000000780cf00000)]
  0x000001c1db08b4b0 JavaThread "Worker-3" [_thread_blocked, id=3340, stack(0x000000780cf00000,0x000000780d000000)]
  0x000001c1dfa5d260 JavaThread "ForkJoinPool.commonPool-worker-1" daemon [_thread_blocked, id=6940, stack(0x000000780d100000,0x000000780d200000)]
  0x000001c1dfa5f0c0 JavaThread "ForkJoinPool.commonPool-worker-2" daemon [_thread_blocked, id=1372, stack(0x000000780d200000,0x000000780d300000)]
  0x000001c1dfa5fff0 JavaThread "ForkJoinPool.commonPool-worker-3" daemon [_thread_blocked, id=12720, stack(0x000000780d300000,0x000000780d400000)]
  0x000001c1dfa62d80 JavaThread "ForkJoinPool.commonPool-worker-4" daemon [_thread_blocked, id=11420, stack(0x000000780d400000,0x000000780d500000)]
  0x000001c1dfa5f5d0 JavaThread "ForkJoinPool.commonPool-worker-5" daemon [_thread_blocked, id=10960, stack(0x000000780d500000,0x000000780d600000)]
  0x000001c1dfa5c330 JavaThread "ForkJoinPool.commonPool-worker-6" daemon [_thread_blocked, id=5196, stack(0x000000780d800000,0x000000780d900000)]
  0x000001c1dfa5d770 JavaThread "ForkJoinPool.commonPool-worker-7" daemon [_thread_blocked, id=9972, stack(0x000000780d900000,0x000000780da00000)]
  0x000001c1dfa5e6a0 JavaThread "ForkJoinPool.commonPool-worker-8" daemon [_thread_blocked, id=12228, stack(0x000000780da00000,0x000000780db00000)]
  0x000001c1dfa62360 JavaThread "ForkJoinPool.commonPool-worker-9" daemon [_thread_blocked, id=14216, stack(0x000000780db00000,0x000000780dc00000)]
  0x000001c1dfa5fae0 JavaThread "ForkJoinPool.commonPool-worker-10" daemon [_thread_blocked, id=8840, stack(0x000000780dc00000,0x000000780dd00000)]
  0x000001c1dfa63290 JavaThread "LocalFile Deleter" daemon [_thread_blocked, id=6432, stack(0x000000780de00000,0x000000780df00000)]
  0x000001c1dfa61430 JavaThread "LocalFile Deleter" daemon [_thread_blocked, id=14496, stack(0x000000780df00000,0x000000780e000000)]
  0x000001c1dfa60500 JavaThread "LocalFile Deleter" daemon [_thread_blocked, id=5980, stack(0x000000780e100000,0x000000780e200000)]
  0x000001c1dfa5cd50 JavaThread "LocalFile Deleter" daemon [_thread_blocked, id=13356, stack(0x000000780e200000,0x000000780e300000)]
  0x000001c1dfa5e190 JavaThread "LocalFile Deleter" daemon [_thread_blocked, id=14392, stack(0x000000780e400000,0x000000780e500000)]
  0x000001c1dfa61940 JavaThread "LocalFile Deleter" daemon [_thread_blocked, id=15228, stack(0x000000780e500000,0x000000780e600000)]
  0x000001c1dfa61e50 JavaThread "LocalFile Deleter" daemon [_thread_blocked, id=11064, stack(0x000000780e600000,0x000000780e700000)]
  0x000001c1db242d20 JavaThread "LocalFile Deleter" daemon [_thread_blocked, id=12776, stack(0x000000780e700000,0x000000780e800000)]
  0x000001c1db241df0 JavaThread "LocalFile Deleter" daemon [_thread_blocked, id=14292, stack(0x000000780e800000,0x000000780e900000)]
  0x000001c1db23eb50 JavaThread "Compiler Source File Reader" daemon [_thread_blocked, id=8348, stack(0x000000780ea00000,0x000000780eb00000)]
  0x000001c1db240ec0 JavaThread "Compiler Source File Reader" daemon [_thread_blocked, id=15088, stack(0x000000780eb00000,0x000000780ec00000)]
  0x000001c1db242810 JavaThread "Compiler Source File Reader" daemon [_thread_blocked, id=4872, stack(0x000000780ec00000,0x000000780ed00000)]
  0x000001c1db23ff90 JavaThread "Compiler Source File Reader" daemon [_thread_blocked, id=10116, stack(0x000000780ed00000,0x000000780ee00000)]
  0x000001c1db2409b0 JavaThread "Compiler Source File Reader" daemon [_thread_blocked, id=7796, stack(0x000000780ee00000,0x000000780ef00000)]
  0x000001c1db23f060 JavaThread "Compiler Source File Reader" daemon [_thread_blocked, id=10012, stack(0x000000780ef00000,0x000000780f000000)]
  0x000001c1db243230 JavaThread "Compiler Source File Reader" daemon [_thread_blocked, id=3020, stack(0x000000780f000000,0x000000780f100000)]
  0x000001c1db243740 JavaThread "Compiler Source File Reader" daemon [_thread_blocked, id=6352, stack(0x000000780f100000,0x000000780f200000)]
  0x000001c1db243c50 JavaThread "Compiler Source File Reader" daemon [_thread_blocked, id=7836, stack(0x000000780f200000,0x000000780f300000)]
  0x000001c1db2404a0 JavaThread "Worker-4" [_thread_blocked, id=13856, stack(0x000000780f300000,0x000000780f400000)]
  0x000001c1db245090 JavaThread "ForkJoinPool.commonPool-worker-11" daemon [_thread_blocked, id=3260, stack(0x000000780f400000,0x000000780f500000)]
  0x000001c1db244160 JavaThread "Compiler Class File Writer" daemon [_thread_blocked, id=1100, stack(0x000000780f600000,0x000000780f700000)]
  0x000001c1db23e130 JavaThread "Compiler Class File Writer" daemon [_thread_blocked, id=5148, stack(0x000000780f700000,0x000000780f800000)]
  0x000001c1db242300 JavaThread "Compiler Class File Writer" daemon [_thread_blocked, id=14052, stack(0x000000780f800000,0x000000780f900000)]
  0x000001c1db245ab0 JavaThread "Compiler Class File Writer" daemon [_thread_blocked, id=6572, stack(0x000000780f900000,0x000000780fa00000)]
  0x000001c1db2413d0 JavaThread "Compiler Class File Writer" daemon [_thread_blocked, id=5972, stack(0x000000780fa00000,0x000000780fb00000)]
  0x000001c1db244670 JavaThread "Compiler Class File Writer" daemon [_thread_blocked, id=3064, stack(0x000000780fb00000,0x000000780fc00000)]
  0x000001c1db2418e0 JavaThread "Compiler Class File Writer" daemon [_thread_blocked, id=9988, stack(0x000000780fc00000,0x000000780fd00000)]
  0x000001c1db244b80 JavaThread "Compiler Class File Writer" daemon [_thread_blocked, id=10268, stack(0x000000780fd00000,0x000000780fe00000)]
  0x000001c1dfd02870 JavaThread "Compiler Class File Writer" daemon [_thread_blocked, id=15044, stack(0x000000780fe00000,0x000000780ff00000)]
  0x000001c1dfd00a10 JavaThread "Compiler Class File Writer" daemon [_thread_blocked, id=10156, stack(0x000000780ff00000,0x0000007810000000)]
  0x000001c1dfd02360 JavaThread "ForkJoinPool.commonPool-worker-12" daemon [_thread_blocked, id=7008, stack(0x000000780b000000,0x000000780b100000)]
  0x000001c1dfd00f20 JavaThread "ForkJoinPool.commonPool-worker-13" daemon [_thread_blocked, id=7264, stack(0x000000780cb00000,0x000000780cc00000)]
  0x000001c1dfd01940 JavaThread "ForkJoinPool.commonPool-worker-16" daemon [_thread_blocked, id=12196, stack(0x000000780cc00000,0x000000780cd00000)]
  0x000001c1dfd03cb0 JavaThread "ForkJoinPool.commonPool-worker-15" daemon [_thread_blocked, id=9076, stack(0x000000780cd00000,0x000000780ce00000)]
  0x000001c1dfd03290 JavaThread "ForkJoinPool.commonPool-worker-14" daemon [_thread_blocked, id=11564, stack(0x000000780d700000,0x000000780d800000)]
  0x000001c1dfd01e50 JavaThread "ForkJoinPool.commonPool-worker-18" daemon [_thread_blocked, id=15104, stack(0x0000007810000000,0x0000007810100000)]
  0x000001c1dfd037a0 JavaThread "ForkJoinPool.commonPool-worker-17" daemon [_thread_blocked, id=2392, stack(0x0000007810100000,0x0000007810200000)]
  0x000001c1d6c97190 JavaThread "ForkJoinPool.commonPool-worker-19" daemon [_thread_blocked, id=12396, stack(0x0000007810200000,0x0000007810300000)]
  0x000001c1dfa5ebb0 JavaThread "Cleaner-0" daemon [_thread_blocked, id=8364, stack(0x0000007810400000,0x0000007810500000)]
  0x000001c1de7c6d00 JavaThread "pool-1-thread-3" [_thread_blocked, id=11752, stack(0x0000007808300000,0x0000007808400000)]

Other Threads:
  0x000001c1bdcae270 VMThread "VM Thread" [stack: 0x0000007808600000,0x0000007808700000] [id=10348]
  0x000001c1d9411150 WatcherThread [stack: 0x0000007809700000,0x0000007809800000] [id=14012]
  0x000001c1bdc10c50 GCTaskThread "GC Thread#0" [stack: 0x0000007808500000,0x0000007808600000] [id=11344]
  0x000001c1d992c1f0 GCTaskThread "GC Thread#1" [stack: 0x0000007809800000,0x0000007809900000] [id=13412]
  0x000001c1d99ef1b0 GCTaskThread "GC Thread#2" [stack: 0x0000007809900000,0x0000007809a00000] [id=13332]
  0x000001c1d99ef470 GCTaskThread "GC Thread#3" [stack: 0x0000007809a00000,0x0000007809b00000] [id=11736]
  0x000001c1d98d85d0 GCTaskThread "GC Thread#4" [stack: 0x0000007809b00000,0x0000007809c00000] [id=12556]
  0x000001c1d98d8890 GCTaskThread "GC Thread#5" [stack: 0x0000007809c00000,0x0000007809d00000] [id=12772]
  0x000001c1d9e16470 GCTaskThread "GC Thread#6" [stack: 0x0000007809f00000,0x000000780a000000] [id=15260]
  0x000001c1da154d00 GCTaskThread "GC Thread#7" [stack: 0x000000780a000000,0x000000780a100000] [id=4144]
=>0x000001c1da5f4d70 GCTaskThread "GC Thread#8" [stack: 0x000000780a400000,0x000000780a500000] [id=6300]
  0x000001c1da271da0 GCTaskThread "GC Thread#9" [stack: 0x000000780a700000,0x000000780a800000] [id=13604]
  0x000001c1da31fab0 GCTaskThread "GC Thread#10" [stack: 0x000000780a800000,0x000000780a900000] [id=2332]
  0x000001c1da5f5030 GCTaskThread "GC Thread#11" [stack: 0x000000780a900000,0x000000780aa00000] [id=10956]
  0x000001c1da5eb3b0 GCTaskThread "GC Thread#12" [stack: 0x000000780ad00000,0x000000780ae00000] [id=14600]
  0x000001c1da5eb930 GCTaskThread "GC Thread#13" [stack: 0x000000780ae00000,0x000000780af00000] [id=6036]
  0x000001c1da5eb0f0 GCTaskThread "GC Thread#14" [stack: 0x000000780af00000,0x000000780b000000] [id=11348]

Threads with active compile tasks:
C2 CompilerThread0   253008 21523   !   4       org.eclipse.jdt.internal.compiler.parser.Parser::parse (397 bytes)

VM state: at safepoint (normal execution)

VM Mutex/Monitor currently owned by a thread:  ([mutex/lock_event])
[0x000001c1bdbf99a0] Threads_lock - owner thread: 0x000001c1bdcae270
[0x000001c1bdbfa180] Heap_lock - owner thread: 0x000001c1dfa5fff0

Heap address: 0x00000000c0000000, size: 1024 MB, Compressed Oops mode: 32-bit

CDS archive(s) not mapped
Compressed class space mapped at: 0x0000000100000000-0x0000000140000000, reserved size: 1073741824
Narrow klass base: 0x0000000000000000, Narrow klass shift: 3, Narrow klass range: 0x140000000

GC Precious Log:
 CPUs: 20 total, 20 available
 Memory: 32538M
 Large Page Support: Disabled
 NUMA Support: Disabled
 Compressed Oops: Enabled (32-bit)
 Alignments: Space 512K, Generation 512K, Heap 2M
 Heap Min Capacity: 100M
 Heap Initial Capacity: 100M
 Heap Max Capacity: 1G
 Pre-touch: Disabled
 Parallel Workers: 15

Heap:
 PSYoungGen      total 3584K, used 3576K [0x00000000eab00000, 0x00000000eba00000, 0x0000000100000000)
  eden space 1024K, 100% used [0x00000000eab00000,0x00000000eac00000,0x00000000eac00000)
  from space 2560K, 99% used [0x00000000eb180000,0x00000000eb3fe3d0,0x00000000eb400000)
  to   space 5632K, 0% used [0x00000000eac00000,0x00000000eac00000,0x00000000eb180000)
 ParOldGen       total 320000K, used 319906K [0x00000000c0000000, 0x00000000d3880000, 0x00000000eab00000)
  object space 320000K, 99% used [0x00000000c0000000,0x00000000d3868848,0x00000000d3880000)
 Metaspace       used 94190K, committed 95808K, reserved 1179648K
  class space    used 9663K, committed 10432K, reserved 1048576K

Card table byte_map: [0x000001c1bd5c0000,0x000001c1bd7d0000] _byte_map_base: 0x000001c1bcfc0000

Marking Bits: (ParMarkBitMap*) 0x00007ffc7fb96940
 Begin Bits: [0x000001c1cf890000, 0x000001c1d0890000)
 End Bits:   [0x000001c1d0890000, 0x000001c1d1890000)

Polling page: 0x000001c1bd3b0000

Metaspace:

Usage:
  Non-class:     82.55 MB used.
      Class:      9.44 MB used.
       Both:     91.98 MB used.

Virtual space:
  Non-class space:      128.00 MB reserved,      83.38 MB ( 65%) committed,  2 nodes.
      Class space:        1.00 GB reserved,      10.19 MB ( <1%) committed,  1 nodes.
             Both:        1.12 GB reserved,      93.56 MB (  8%) committed. 

Chunk freelists:
   Non-Class:  11.75 MB
       Class:  5.67 MB
        Both:  17.42 MB

MaxMetaspaceSize: unlimited
CompressedClassSpaceSize: 1.00 GB
Initial GC threshold: 21.00 MB
Current GC threshold: 155.88 MB
CDS: off
MetaspaceReclaimPolicy: balanced
 - commit_granule_bytes: 65536.
 - commit_granule_words: 8192.
 - virtual_space_node_default_size: 8388608.
 - enlarge_chunks_in_place: 1.
 - new_chunks_are_fully_committed: 0.
 - uncommit_free_chunks: 1.
 - use_allocation_guard: 0.
 - handle_deallocations: 1.


Internal statistics:

num_allocs_failed_limit: 9.
num_arena_births: 1136.
num_arena_deaths: 22.
num_vsnodes_births: 3.
num_vsnodes_deaths: 0.
num_space_committed: 1497.
num_space_uncommitted: 0.
num_chunks_returned_to_freelist: 35.
num_chunks_taken_from_freelist: 5096.
num_chunk_merges: 18.
num_chunk_splits: 3137.
num_chunks_enlarged: 1813.
num_inconsistent_stats: 0.

CodeHeap 'non-profiled nmethods': size=119168Kb used=17956Kb max_used=17956Kb free=101211Kb
 bounds [0x000001c1c8430000, 0x000001c1c95c0000, 0x000001c1cf890000]
CodeHeap 'profiled nmethods': size=119104Kb used=34643Kb max_used=34967Kb free=84460Kb
 bounds [0x000001c1c0890000, 0x000001c1c2ac0000, 0x000001c1c7ce0000]
CodeHeap 'non-nmethods': size=7488Kb used=1458Kb max_used=3264Kb free=6029Kb
 bounds [0x000001c1c7ce0000, 0x000001c1c8030000, 0x000001c1c8430000]
 total_blobs=17114 nmethods=16298 adapters=723
 compilation: enabled
              stopped_count=0, restarted_count=0
 full_count=0

Compilation events (20 events):
Event: 252.521 Thread 0x000001c1d6c19c40 nmethod 21519 0x000001c1c8e2fd10 code [0x000001c1c8e2fec0, 0x000001c1c8e300a8]
Event: 252.806 Thread 0x000001c1d6c19c40 21520       4       org.eclipse.jdt.internal.core.manipulation.JavaElementLabelComposerCore::appendMethodParamTypeSignature (9 bytes)
Event: 252.806 Thread 0x000001c1d6c19c40 nmethod 21520 0x000001c1c8b30510 code [0x000001c1c8b306a0, 0x000001c1c8b30748]
Event: 252.918 Thread 0x000001c1d6c19c40 21521       4       org.eclipse.jdt.internal.compiler.lookup.LookupEnvironment::getModule (114 bytes)
Event: 252.931 Thread 0x000001c1d6c19c40 nmethod 21521 0x000001c1c95bad10 code [0x000001c1c95baf20, 0x000001c1c95bc648]
Event: 252.969 Thread 0x000001c1d6c1acf0 21522       3       org.eclipse.jdt.internal.compiler.SourceElementParser$1::record (22 bytes)
Event: 252.969 Thread 0x000001c1d6c19c40 21523   !   4       org.eclipse.jdt.internal.compiler.parser.Parser::parse (397 bytes)
Event: 252.969 Thread 0x000001c1d6c1acf0 nmethod 21522 0x000001c1c29ba090 code [0x000001c1c29ba240, 0x000001c1c29ba478]
Event: 252.969 Thread 0x000001c1d6c1acf0 21524       3       org.eclipse.jdt.internal.core.CompilationUnitStructureRequestor::acceptPackage (185 bytes)
Event: 252.970 Thread 0x000001c1d6c1acf0 nmethod 21524 0x000001c1c255a310 code [0x000001c1c255a620, 0x000001c1c255bca8]
Event: 252.973 Thread 0x000001c1d6c1acf0 21525       3       org.eclipse.jdt.internal.codeassist.impl.AssistParser::consumeConstructorHeader (12 bytes)
Event: 252.973 Thread 0x000001c1d6c1acf0 nmethod 21525 0x000001c1c29b9a90 code [0x000001c1c29b9c40, 0x000001c1c29b9f38]
Event: 252.973 Thread 0x000001c1d6c1acf0 21527       3       org.eclipse.jdt.internal.codeassist.impl.AssistParser::triggerRecoveryUponLambdaClosure (737 bytes)
Event: 252.974 Thread 0x000001c1d6c1acf0 nmethod 21527 0x000001c1c2556710 code [0x000001c1c2556b20, 0x000001c1c25597a8]
Event: 252.974 Thread 0x000001c1d6c1acf0 21526       3       org.eclipse.jdt.internal.codeassist.complete.CompletionParser::consumeConstructorHeader (12 bytes)
Event: 252.974 Thread 0x000001c1d6c1acf0 nmethod 21526 0x000001c1c2555e90 code [0x000001c1c2556060, 0x000001c1c2556568]
Event: 252.974 Thread 0x000001c1d6c1acf0 21528       3       org.eclipse.jdt.internal.codeassist.complete.CompletionNodeDetector::visit (6 bytes)
Event: 252.974 Thread 0x000001c1d6c1acf0 nmethod 21528 0x000001c1c29b9710 code [0x000001c1c29b98a0, 0x000001c1c29b99e8]
Event: 252.974 Thread 0x000001c1d6c1acf0 21529       3       org.eclipse.jdt.internal.codeassist.complete.CompletionNodeDetector::endVisit (6 bytes)
Event: 252.974 Thread 0x000001c1d6c1acf0 nmethod 21529 0x000001c1c2555b10 code [0x000001c1c2555ca0, 0x000001c1c2555de8]

GC Heap History (20 events):
Event: 248.781 GC heap after
{Heap after GC invocations=455 (full 12):
 PSYoungGen      total 6656K, used 2272K [0x00000000eab00000, 0x00000000eb400000, 0x0000000100000000)
  eden space 4096K, 0% used [0x00000000eab00000,0x00000000eab00000,0x00000000eaf00000)
  from space 2560K, 88% used [0x00000000eaf00000,0x00000000eb138020,0x00000000eb180000)
  to   space 2560K, 0% used [0x00000000eb180000,0x00000000eb180000,0x00000000eb400000)
 ParOldGen       total 319488K, used 314594K [0x00000000c0000000, 0x00000000d3800000, 0x00000000eab00000)
  object space 319488K, 98% used [0x00000000c0000000,0x00000000d3338860,0x00000000d3800000)
 Metaspace       used 94184K, committed 95808K, reserved 1179648K
  class space    used 9663K, committed 10432K, reserved 1048576K
}
Event: 249.062 GC heap before
{Heap before GC invocations=456 (full 12):
 PSYoungGen      total 6656K, used 6368K [0x00000000eab00000, 0x00000000eb400000, 0x0000000100000000)
  eden space 4096K, 100% used [0x00000000eab00000,0x00000000eaf00000,0x00000000eaf00000)
  from space 2560K, 88% used [0x00000000eaf00000,0x00000000eb138020,0x00000000eb180000)
  to   space 2560K, 0% used [0x00000000eb180000,0x00000000eb180000,0x00000000eb400000)
 ParOldGen       total 319488K, used 314594K [0x00000000c0000000, 0x00000000d3800000, 0x00000000eab00000)
  object space 319488K, 98% used [0x00000000c0000000,0x00000000d3338860,0x00000000d3800000)
 Metaspace       used 94184K, committed 95808K, reserved 1179648K
  class space    used 9663K, committed 10432K, reserved 1048576K
}
Event: 249.063 GC heap after
{Heap after GC invocations=456 (full 12):
 PSYoungGen      total 6144K, used 1600K [0x00000000eab00000, 0x00000000eb380000, 0x0000000100000000)
  eden space 4096K, 0% used [0x00000000eab00000,0x00000000eab00000,0x00000000eaf00000)
  from space 2048K, 78% used [0x00000000eb180000,0x00000000eb310020,0x00000000eb380000)
  to   space 2048K, 0% used [0x00000000eaf80000,0x00000000eaf80000,0x00000000eb180000)
 ParOldGen       total 319488K, used 314594K [0x00000000c0000000, 0x00000000d3800000, 0x00000000eab00000)
  object space 319488K, 98% used [0x00000000c0000000,0x00000000d3338860,0x00000000d3800000)
 Metaspace       used 94184K, committed 95808K, reserved 1179648K
  class space    used 9663K, committed 10432K, reserved 1048576K
}
Event: 250.244 GC heap before
{Heap before GC invocations=457 (full 12):
 PSYoungGen      total 6144K, used 5696K [0x00000000eab00000, 0x00000000eb380000, 0x0000000100000000)
  eden space 4096K, 99% used [0x00000000eab00000,0x00000000eaefffe0,0x00000000eaf00000)
  from space 2048K, 78% used [0x00000000eb180000,0x00000000eb310020,0x00000000eb380000)
  to   space 2048K, 0% used [0x00000000eaf80000,0x00000000eaf80000,0x00000000eb180000)
 ParOldGen       total 319488K, used 314594K [0x00000000c0000000, 0x00000000d3800000, 0x00000000eab00000)
  object space 319488K, 98% used [0x00000000c0000000,0x00000000d3338860,0x00000000d3800000)
 Metaspace       used 94184K, committed 95808K, reserved 1179648K
  class space    used 9663K, committed 10432K, reserved 1048576K
}
Event: 250.245 GC heap after
{Heap after GC invocations=457 (full 12):
 PSYoungGen      total 6144K, used 2032K [0x00000000eab00000, 0x00000000eb500000, 0x0000000100000000)
  eden space 4096K, 0% used [0x00000000eab00000,0x00000000eab00000,0x00000000eaf00000)
  from space 2048K, 99% used [0x00000000eaf80000,0x00000000eb17c050,0x00000000eb180000)
  to   space 3072K, 0% used [0x00000000eb200000,0x00000000eb200000,0x00000000eb500000)
 ParOldGen       total 319488K, used 314994K [0x00000000c0000000, 0x00000000d3800000, 0x00000000eab00000)
  object space 319488K, 98% used [0x00000000c0000000,0x00000000d339c860,0x00000000d3800000)
 Metaspace       used 94184K, committed 95808K, reserved 1179648K
  class space    used 9663K, committed 10432K, reserved 1048576K
}
Event: 250.699 GC heap before
{Heap before GC invocations=458 (full 12):
 PSYoungGen      total 6144K, used 6128K [0x00000000eab00000, 0x00000000eb500000, 0x0000000100000000)
  eden space 4096K, 100% used [0x00000000eab00000,0x00000000eaf00000,0x00000000eaf00000)
  from space 2048K, 99% used [0x00000000eaf80000,0x00000000eb17c050,0x00000000eb180000)
  to   space 3072K, 0% used [0x00000000eb200000,0x00000000eb200000,0x00000000eb500000)
 ParOldGen       total 319488K, used 314994K [0x00000000c0000000, 0x00000000d3800000, 0x00000000eab00000)
  object space 319488K, 98% used [0x00000000c0000000,0x00000000d339c860,0x00000000d3800000)
 Metaspace       used 94186K, committed 95808K, reserved 1179648K
  class space    used 9663K, committed 10432K, reserved 1048576K
}
Event: 250.704 GC heap after
{Heap after GC invocations=458 (full 12):
 PSYoungGen      total 6144K, used 1600K [0x00000000eab00000, 0x00000000eb400000, 0x0000000100000000)
  eden space 4096K, 0% used [0x00000000eab00000,0x00000000eab00000,0x00000000eaf00000)
  from space 2048K, 78% used [0x00000000eb200000,0x00000000eb390040,0x00000000eb400000)
  to   space 2048K, 0% used [0x00000000eaf80000,0x00000000eaf80000,0x00000000eb180000)
 ParOldGen       total 319488K, used 315800K [0x00000000c0000000, 0x00000000d3800000, 0x00000000eab00000)
  object space 319488K, 98% used [0x00000000c0000000,0x00000000d34663e8,0x00000000d3800000)
 Metaspace       used 94186K, committed 95808K, reserved 1179648K
  class space    used 9663K, committed 10432K, reserved 1048576K
}
Event: 250.709 GC heap before
{Heap before GC invocations=459 (full 12):
 PSYoungGen      total 6144K, used 5696K [0x00000000eab00000, 0x00000000eb400000, 0x0000000100000000)
  eden space 4096K, 100% used [0x00000000eab00000,0x00000000eaf00000,0x00000000eaf00000)
  from space 2048K, 78% used [0x00000000eb200000,0x00000000eb390040,0x00000000eb400000)
  to   space 2048K, 0% used [0x00000000eaf80000,0x00000000eaf80000,0x00000000eb180000)
 ParOldGen       total 319488K, used 315800K [0x00000000c0000000, 0x00000000d3800000, 0x00000000eab00000)
  object space 319488K, 98% used [0x00000000c0000000,0x00000000d34663e8,0x00000000d3800000)
 Metaspace       used 94186K, committed 95808K, reserved 1179648K
  class space    used 9663K, committed 10432K, reserved 1048576K
}
Event: 250.710 GC heap after
{Heap after GC invocations=459 (full 12):
 PSYoungGen      total 6144K, used 2016K [0x00000000eab00000, 0x00000000eb400000, 0x0000000100000000)
  eden space 4096K, 0% used [0x00000000eab00000,0x00000000eab00000,0x00000000eaf00000)
  from space 2048K, 98% used [0x00000000eaf80000,0x00000000eb178060,0x00000000eb180000)
  to   space 2560K, 0% used [0x00000000eb180000,0x00000000eb180000,0x00000000eb400000)
 ParOldGen       total 319488K, used 315824K [0x00000000c0000000, 0x00000000d3800000, 0x00000000eab00000)
  object space 319488K, 98% used [0x00000000c0000000,0x00000000d346c3e8,0x00000000d3800000)
 Metaspace       used 94186K, committed 95808K, reserved 1179648K
  class space    used 9663K, committed 10432K, reserved 1048576K
}
Event: 252.515 GC heap before
{Heap before GC invocations=460 (full 12):
 PSYoungGen      total 6144K, used 6112K [0x00000000eab00000, 0x00000000eb400000, 0x0000000100000000)
  eden space 4096K, 100% used [0x00000000eab00000,0x00000000eaf00000,0x00000000eaf00000)
  from space 2048K, 98% used [0x00000000eaf80000,0x00000000eb178060,0x00000000eb180000)
  to   space 2560K, 0% used [0x00000000eb180000,0x00000000eb180000,0x00000000eb400000)
 ParOldGen       total 319488K, used 315824K [0x00000000c0000000, 0x00000000d3800000, 0x00000000eab00000)
  object space 319488K, 98% used [0x00000000c0000000,0x00000000d346c3e8,0x00000000d3800000)
 Metaspace       used 94186K, committed 95808K, reserved 1179648K
  class space    used 9663K, committed 10432K, reserved 1048576K
}
Event: 252.517 GC heap after
{Heap after GC invocations=460 (full 12):
 PSYoungGen      total 6656K, used 2032K [0x00000000eab00000, 0x00000000eb400000, 0x0000000100000000)
  eden space 4096K, 0% used [0x00000000eab00000,0x00000000eab00000,0x00000000eaf00000)
  from space 2560K, 79% used [0x00000000eb180000,0x00000000eb37c050,0x00000000eb400000)
  to   space 2560K, 0% used [0x00000000eaf00000,0x00000000eaf00000,0x00000000eb180000)
 ParOldGen       total 319488K, used 316443K [0x00000000c0000000, 0x00000000d3800000, 0x00000000eab00000)
  object space 319488K, 99% used [0x00000000c0000000,0x00000000d3506d08,0x00000000d3800000)
 Metaspace       used 94186K, committed 95808K, reserved 1179648K
  class space    used 9663K, committed 10432K, reserved 1048576K
}
Event: 252.803 GC heap before
{Heap before GC invocations=461 (full 12):
 PSYoungGen      total 6656K, used 6128K [0x00000000eab00000, 0x00000000eb400000, 0x0000000100000000)
  eden space 4096K, 100% used [0x00000000eab00000,0x00000000eaf00000,0x00000000eaf00000)
  from space 2560K, 79% used [0x00000000eb180000,0x00000000eb37c050,0x00000000eb400000)
  to   space 2560K, 0% used [0x00000000eaf00000,0x00000000eaf00000,0x00000000eb180000)
 ParOldGen       total 319488K, used 316443K [0x00000000c0000000, 0x00000000d3800000, 0x00000000eab00000)
  object space 319488K, 99% used [0x00000000c0000000,0x00000000d3506d08,0x00000000d3800000)
 Metaspace       used 94186K, committed 95808K, reserved 1179648K
  class space    used 9663K, committed 10432K, reserved 1048576K
}
Event: 252.805 GC heap after
{Heap after GC invocations=461 (full 12):
 PSYoungGen      total 6656K, used 2544K [0x00000000eab00000, 0x00000000eb500000, 0x0000000100000000)
  eden space 4096K, 0% used [0x00000000eab00000,0x00000000eab00000,0x00000000eaf00000)
  from space 2560K, 99% used [0x00000000eaf00000,0x00000000eb17c050,0x00000000eb180000)
  to   space 3072K, 0% used [0x00000000eb200000,0x00000000eb200000,0x00000000eb500000)
 ParOldGen       total 319488K, used 316627K [0x00000000c0000000, 0x00000000d3800000, 0x00000000eab00000)
  object space 319488K, 99% used [0x00000000c0000000,0x00000000d3534d08,0x00000000d3800000)
 Metaspace       used 94186K, committed 95808K, reserved 1179648K
  class space    used 9663K, committed 10432K, reserved 1048576K
}
Event: 252.916 GC heap before
{Heap before GC invocations=462 (full 12):
 PSYoungGen      total 6656K, used 6640K [0x00000000eab00000, 0x00000000eb500000, 0x0000000100000000)
  eden space 4096K, 100% used [0x00000000eab00000,0x00000000eaf00000,0x00000000eaf00000)
  from space 2560K, 99% used [0x00000000eaf00000,0x00000000eb17c050,0x00000000eb180000)
  to   space 3072K, 0% used [0x00000000eb200000,0x00000000eb200000,0x00000000eb500000)
 ParOldGen       total 319488K, used 316627K [0x00000000c0000000, 0x00000000d3800000, 0x00000000eab00000)
  object space 319488K, 99% used [0x00000000c0000000,0x00000000d3534d08,0x00000000d3800000)
 Metaspace       used 94186K, committed 95808K, reserved 1179648K
  class space    used 9663K, committed 10432K, reserved 1048576K
}
Event: 252.917 GC heap after
{Heap after GC invocations=462 (full 12):
 PSYoungGen      total 6656K, used 2080K [0x00000000eab00000, 0x00000000eb480000, 0x0000000100000000)
  eden space 4096K, 0% used [0x00000000eab00000,0x00000000eab00000,0x00000000eaf00000)
  from space 2560K, 81% used [0x00000000eb200000,0x00000000eb408040,0x00000000eb480000)
  to   space 2560K, 0% used [0x00000000eaf00000,0x00000000eaf00000,0x00000000eb180000)
 ParOldGen       total 319488K, used 317369K [0x00000000c0000000, 0x00000000d3800000, 0x00000000eab00000)
  object space 319488K, 99% used [0x00000000c0000000,0x00000000d35ee4a8,0x00000000d3800000)
 Metaspace       used 94186K, committed 95808K, reserved 1179648K
  class space    used 9663K, committed 10432K, reserved 1048576K
}
Event: 252.973 GC heap before
{Heap before GC invocations=463 (full 12):
 PSYoungGen      total 6656K, used 6176K [0x00000000eab00000, 0x00000000eb480000, 0x0000000100000000)
  eden space 4096K, 99% used [0x00000000eab00000,0x00000000eaeffff8,0x00000000eaf00000)
  from space 2560K, 81% used [0x00000000eb200000,0x00000000eb408040,0x00000000eb480000)
  to   space 2560K, 0% used [0x00000000eaf00000,0x00000000eaf00000,0x00000000eb180000)
 ParOldGen       total 319488K, used 317369K [0x00000000c0000000, 0x00000000d3800000, 0x00000000eab00000)
  object space 319488K, 99% used [0x00000000c0000000,0x00000000d35ee4a8,0x00000000d3800000)
 Metaspace       used 94189K, committed 95808K, reserved 1179648K
  class space    used 9663K, committed 10432K, reserved 1048576K
}
Event: 252.974 GC heap after
{Heap after GC invocations=463 (full 12):
 PSYoungGen      total 6656K, used 2192K [0x00000000eab00000, 0x00000000eb400000, 0x0000000100000000)
  eden space 4096K, 0% used [0x00000000eab00000,0x00000000eab00000,0x00000000eaf00000)
  from space 2560K, 85% used [0x00000000eaf00000,0x00000000eb124030,0x00000000eb180000)
  to   space 2560K, 0% used [0x00000000eb180000,0x00000000eb180000,0x00000000eb400000)
 ParOldGen       total 319488K, used 317369K [0x00000000c0000000, 0x00000000d3800000, 0x00000000eab00000)
  object space 319488K, 99% used [0x00000000c0000000,0x00000000d35ee4a8,0x00000000d3800000)
 Metaspace       used 94189K, committed 95808K, reserved 1179648K
  class space    used 9663K, committed 10432K, reserved 1048576K
}
Event: 252.979 GC heap before
{Heap before GC invocations=464 (full 12):
 PSYoungGen      total 6656K, used 6288K [0x00000000eab00000, 0x00000000eb400000, 0x0000000100000000)
  eden space 4096K, 100% used [0x00000000eab00000,0x00000000eaf00000,0x00000000eaf00000)
  from space 2560K, 85% used [0x00000000eaf00000,0x00000000eb124030,0x00000000eb180000)
  to   space 2560K, 0% used [0x00000000eb180000,0x00000000eb180000,0x00000000eb400000)
 ParOldGen       total 319488K, used 317369K [0x00000000c0000000, 0x00000000d3800000, 0x00000000eab00000)
  object space 319488K, 99% used [0x00000000c0000000,0x00000000d35ee4a8,0x00000000d3800000)
 Metaspace       used 94190K, committed 95808K, reserved 1179648K
  class space    used 9663K, committed 10432K, reserved 1048576K
}
Event: 252.980 GC heap after
{Heap after GC invocations=464 (full 12):
 PSYoungGen      total 3584K, used 2552K [0x00000000eab00000, 0x00000000eba00000, 0x0000000100000000)
  eden space 1024K, 0% used [0x00000000eab00000,0x00000000eab00000,0x00000000eac00000)
  from space 2560K, 99% used [0x00000000eb180000,0x00000000eb3fe3d0,0x00000000eb400000)
  to   space 5632K, 0% used [0x00000000eac00000,0x00000000eac00000,0x00000000eb180000)
 ParOldGen       total 320000K, used 319906K [0x00000000c0000000, 0x00000000d3880000, 0x00000000eab00000)
  object space 320000K, 99% used [0x00000000c0000000,0x00000000d3868848,0x00000000d3880000)
 Metaspace       used 94190K, committed 95808K, reserved 1179648K
  class space    used 9663K, committed 10432K, reserved 1048576K
}
Event: 252.981 GC heap before
{Heap before GC invocations=465 (full 13):
 PSYoungGen      total 3584K, used 3576K [0x00000000eab00000, 0x00000000eba00000, 0x0000000100000000)
  eden space 1024K, 100% used [0x00000000eab00000,0x00000000eac00000,0x00000000eac00000)
  from space 2560K, 99% used [0x00000000eb180000,0x00000000eb3fe3d0,0x00000000eb400000)
  to   space 5632K, 0% used [0x00000000eac00000,0x00000000eac00000,0x00000000eb180000)
 ParOldGen       total 320000K, used 319906K [0x00000000c0000000, 0x00000000d3880000, 0x00000000eab00000)
  object space 320000K, 99% used [0x00000000c0000000,0x00000000d3868848,0x00000000d3880000)
 Metaspace       used 94190K, committed 95808K, reserved 1179648K
  class space    used 9663K, committed 10432K, reserved 1048576K
}

Dll operation events (14 events):
Event: 0.003 Loaded shared library c:\Users\E2Ps ICT\.vscode\extensions\redhat.java-1.36.0-win32-x64\jre\17.0.13-win32-x86_64\bin\java.dll
Event: 0.057 Loaded shared library c:\Users\E2Ps ICT\.vscode\extensions\redhat.java-1.36.0-win32-x64\jre\17.0.13-win32-x86_64\bin\zip.dll
Event: 0.058 Loaded shared library C:\Users\E2Ps ICT\.vscode\extensions\redhat.java-1.36.0-win32-x64\jre\17.0.13-win32-x86_64\bin\instrument.dll
Event: 0.063 Loaded shared library C:\Users\E2Ps ICT\.vscode\extensions\redhat.java-1.36.0-win32-x64\jre\17.0.13-win32-x86_64\bin\net.dll
Event: 0.064 Loaded shared library C:\Users\E2Ps ICT\.vscode\extensions\redhat.java-1.36.0-win32-x64\jre\17.0.13-win32-x86_64\bin\nio.dll
Event: 0.067 Loaded shared library C:\Users\E2Ps ICT\.vscode\extensions\redhat.java-1.36.0-win32-x64\jre\17.0.13-win32-x86_64\bin\zip.dll
Event: 0.072 Loaded shared library C:\Users\E2Ps ICT\.vscode\extensions\redhat.java-1.36.0-win32-x64\jre\17.0.13-win32-x86_64\bin\jimage.dll
Event: 0.095 Loaded shared library c:\Users\E2Ps ICT\.vscode\extensions\redhat.java-1.36.0-win32-x64\jre\17.0.13-win32-x86_64\bin\verify.dll
Event: 0.460 Loaded shared library C:\Users\E2Ps ICT\AppData\Roaming\Code\User\globalStorage\redhat.java\1.36.0\config_win\org.eclipse.equinox.launcher\org.eclipse.equinox.launcher.win32.win32.x86_64_1.2.1100.v20240722-2106\eclipse_11904.dll
Event: 0.915 Loaded shared library C:\Users\E2Ps ICT\.vscode\extensions\redhat.java-1.36.0-win32-x64\jre\17.0.13-win32-x86_64\bin\management.dll
Event: 0.916 Loaded shared library C:\Users\E2Ps ICT\.vscode\extensions\redhat.java-1.36.0-win32-x64\jre\17.0.13-win32-x86_64\bin\management_ext.dll
Event: 1.473 Loaded shared library C:\Users\E2Ps ICT\AppData\Local\Temp\jna--477064758\jna5003575778106447315.dll
Event: 2.360 Loaded shared library C:\Users\E2Ps ICT\.vscode\extensions\redhat.java-1.36.0-win32-x64\jre\17.0.13-win32-x86_64\bin\sunmscapi.dll
Event: 2.484 Loaded shared library C:\Users\E2Ps ICT\.vscode\extensions\redhat.java-1.36.0-win32-x64\jre\17.0.13-win32-x86_64\bin\extnet.dll

Deoptimization events (20 events):
Event: 247.487 Thread 0x000001c1db088210 Uncommon trap: trap_request=0xffffffde fr.pc=0x000001c1c927b660 relative=0x0000000000004100
Event: 247.487 Thread 0x000001c1db088210 Uncommon trap: reason=class_check action=maybe_recompile pc=0x000001c1c927b660 method=org.eclipse.jdt.internal.core.NamedMember.getTypeQualifiedName(CZ)Ljava/lang/String; @ 174 c2
Event: 247.487 Thread 0x000001c1db088210 DEOPT PACKING pc=0x000001c1c927b660 sp=0x000000780cafdf70
Event: 247.487 Thread 0x000001c1db088210 DEOPT UNPACKING pc=0x000001c1c7d366a3 sp=0x000000780cafdf78 mode 2
Event: 247.493 Thread 0x000001c1db088210 Uncommon trap: trap_request=0xffffffde fr.pc=0x000001c1c927b660 relative=0x0000000000004100
Event: 247.493 Thread 0x000001c1db088210 Uncommon trap: reason=class_check action=maybe_recompile pc=0x000001c1c927b660 method=org.eclipse.jdt.internal.core.NamedMember.getTypeQualifiedName(CZ)Ljava/lang/String; @ 174 c2
Event: 247.493 Thread 0x000001c1db088210 DEOPT PACKING pc=0x000001c1c927b660 sp=0x000000780cafe080
Event: 247.493 Thread 0x000001c1db088210 DEOPT UNPACKING pc=0x000001c1c7d366a3 sp=0x000000780cafe088 mode 2
Event: 247.653 Thread 0x000001c1dfa5fff0 Uncommon trap: trap_request=0xffffff45 fr.pc=0x000001c1c9597cb8 relative=0x0000000000002bf8
Event: 247.653 Thread 0x000001c1dfa5fff0 Uncommon trap: reason=unstable_if action=reinterpret pc=0x000001c1c9597cb8 method=sun.security.provider.AbstractDrbg.engineNextBytes([BLjava/security/SecureRandomParameters;)V @ 38 c2
Event: 247.653 Thread 0x000001c1dfa5fff0 DEOPT PACKING pc=0x000001c1c9597cb8 sp=0x000000780d3fe640
Event: 247.653 Thread 0x000001c1dfa5fff0 DEOPT UNPACKING pc=0x000001c1c7d366a3 sp=0x000000780d3fe5f0 mode 2
Event: 252.973 Thread 0x000001c1db088210 Uncommon trap: trap_request=0xffffffde fr.pc=0x000001c1c9218dc8 relative=0x0000000000000c88
Event: 252.973 Thread 0x000001c1db088210 Uncommon trap: reason=class_check action=maybe_recompile pc=0x000001c1c9218dc8 method=org.eclipse.jdt.internal.codeassist.impl.AssistParser.recoveryTokenCheck()V @ 207 c2
Event: 252.973 Thread 0x000001c1db088210 DEOPT PACKING pc=0x000001c1c9218dc8 sp=0x000000780cafe220
Event: 252.973 Thread 0x000001c1db088210 DEOPT UNPACKING pc=0x000001c1c7d366a3 sp=0x000000780cafe168 mode 2
Event: 252.976 Thread 0x000001c1db088210 Uncommon trap: trap_request=0xffffffc6 fr.pc=0x000001c1c8e32748 relative=0x00000000000020a8
Event: 252.976 Thread 0x000001c1db088210 Uncommon trap: reason=bimorphic_or_optimized_type_check action=maybe_recompile pc=0x000001c1c8e32748 method=org.eclipse.jdt.internal.compiler.lookup.FieldBinding.setAnnotations([Lorg/eclipse/jdt/internal/compiler/lookup/AnnotationBinding;Z)V @ 7 c2
Event: 252.976 Thread 0x000001c1db088210 DEOPT PACKING pc=0x000001c1c8e32748 sp=0x000000780cafe250
Event: 252.976 Thread 0x000001c1db088210 DEOPT UNPACKING pc=0x000001c1c7d366a3 sp=0x000000780cafe140 mode 2

Classes loaded (20 events):
Event: 197.032 Loading class sun/security/provider/certpath/ResponderId$Type
Event: 197.032 Loading class sun/security/provider/certpath/ResponderId$Type done
Event: 197.032 Loading class sun/security/provider/certpath/OCSPResponse$SingleResponse
Event: 197.032 Loading class sun/security/provider/certpath/OCSP$RevocationStatus
Event: 197.032 Loading class sun/security/provider/certpath/OCSP$RevocationStatus done
Event: 197.032 Loading class sun/security/provider/certpath/OCSPResponse$SingleResponse done
Event: 197.032 Loading class sun/security/provider/certpath/CertId
Event: 197.032 Loading class sun/security/provider/certpath/CertId done
Event: 197.032 Loading class sun/security/provider/certpath/OCSP$RevocationStatus$CertStatus
Event: 197.032 Loading class sun/security/provider/certpath/OCSP$RevocationStatus$CertStatus done
Event: 197.034 Loading class sun/security/ssl/CertificateVerify$T13CertificateVerifyMessage
Event: 197.034 Loading class sun/security/ssl/CertificateVerify$T13CertificateVerifyMessage done
Event: 197.035 Loading class sun/security/ssl/SSLBasicKeyDerivation
Event: 197.035 Loading class sun/security/ssl/SSLBasicKeyDerivation done
Event: 197.035 Loading class sun/security/ssl/SSLBasicKeyDerivation$SecretSizeSpec
Event: 197.035 Loading class sun/security/ssl/SSLBasicKeyDerivation$SecretSizeSpec done
Event: 197.057 Loading class sun/security/ssl/PostHandshakeContext
Event: 197.057 Loading class sun/security/ssl/PostHandshakeContext done
Event: 197.057 Loading class sun/security/ssl/NewSessionTicket$T13NewSessionTicketMessage
Event: 197.057 Loading class sun/security/ssl/NewSessionTicket$T13NewSessionTicketMessage done

Classes unloaded (11 events):
Event: 1.412 Thread 0x000001c1bdcae270 Unloading class 0x0000000100254000 'java/lang/invoke/LambdaForm$MH+0x0000000100254000'
Event: 1.412 Thread 0x000001c1bdcae270 Unloading class 0x0000000100253c00 'java/lang/invoke/LambdaForm$MH+0x0000000100253c00'
Event: 1.412 Thread 0x000001c1bdcae270 Unloading class 0x0000000100253800 'java/lang/invoke/LambdaForm$MH+0x0000000100253800'
Event: 1.412 Thread 0x000001c1bdcae270 Unloading class 0x0000000100253400 'java/lang/invoke/LambdaForm$MH+0x0000000100253400'
Event: 1.412 Thread 0x000001c1bdcae270 Unloading class 0x0000000100253000 'java/lang/invoke/LambdaForm$BMH+0x0000000100253000'
Event: 1.412 Thread 0x000001c1bdcae270 Unloading class 0x0000000100252c00 'java/lang/invoke/LambdaForm$DMH+0x0000000100252c00'
Event: 1.412 Thread 0x000001c1bdcae270 Unloading class 0x0000000100250400 'java/lang/invoke/LambdaForm$DMH+0x0000000100250400'
Event: 3.876 Thread 0x000001c1bdcae270 Unloading class 0x00000001006a2800 'java/lang/invoke/LambdaForm$DMH+0x00000001006a2800'
Event: 3.876 Thread 0x000001c1bdcae270 Unloading class 0x00000001006a2400 'java/lang/invoke/LambdaForm$DMH+0x00000001006a2400'
Event: 3.876 Thread 0x000001c1bdcae270 Unloading class 0x00000001006a2000 'java/lang/invoke/LambdaForm$DMH+0x00000001006a2000'
Event: 3.876 Thread 0x000001c1bdcae270 Unloading class 0x00000001006a1c00 'java/lang/invoke/LambdaForm$DMH+0x00000001006a1c00'

Classes redefined (0 events):
No events

Internal exceptions (20 events):
Event: 208.759 Thread 0x000001c1de7c6d00 Exception <a 'java/lang/ClassNotFoundException'{0x00000000eb487f48}: sun/net/www/protocol/jdt/Handler> (0x00000000eb487f48) 
thrown [s\src\hotspot\share\classfile\systemDictionary.cpp, line 256]
Event: 208.759 Thread 0x000001c1de7c6d00 Exception <a 'java/lang/ClassNotFoundException'{0x00000000eb489e80}: sun/net/www/protocol/jdt/Handler> (0x00000000eb489e80) 
thrown [s\src\hotspot\share\classfile\systemDictionary.cpp, line 256]
Event: 208.759 Thread 0x000001c1de7c6d00 Exception <a 'java/lang/ClassNotFoundException'{0x00000000eb48cf48}: sun/net/www/protocol/jdt/Handler> (0x00000000eb48cf48) 
thrown [s\src\hotspot\share\classfile\systemDictionary.cpp, line 256]
Event: 208.759 Thread 0x000001c1de7c6d00 Exception <a 'java/lang/ClassNotFoundException'{0x00000000eb48f4c8}: sun/net/www/protocol/jdt/Handler> (0x00000000eb48f4c8) 
thrown [s\src\hotspot\share\classfile\systemDictionary.cpp, line 256]
Event: 208.759 Thread 0x000001c1de7c6d00 Exception <a 'java/lang/ClassNotFoundException'{0x00000000eb492450}: sun/net/www/protocol/jdt/Handler> (0x00000000eb492450) 
thrown [s\src\hotspot\share\classfile\systemDictionary.cpp, line 256]
Event: 208.759 Thread 0x000001c1de7c6d00 Exception <a 'java/lang/ClassNotFoundException'{0x00000000eb494a18}: sun/net/www/protocol/jdt/Handler> (0x00000000eb494a18) 
thrown [s\src\hotspot\share\classfile\systemDictionary.cpp, line 256]
Event: 208.759 Thread 0x000001c1de7c6d00 Exception <a 'java/lang/ClassNotFoundException'{0x00000000eb58f128}: sun/net/www/protocol/jdt/Handler> (0x00000000eb58f128) 
thrown [s\src\hotspot\share\classfile\systemDictionary.cpp, line 256]
Event: 208.759 Thread 0x000001c1de7c6d00 Exception <a 'java/lang/ClassNotFoundException'{0x00000000eb591de8}: sun/net/www/protocol/jdt/Handler> (0x00000000eb591de8) 
thrown [s\src\hotspot\share\classfile\systemDictionary.cpp, line 256]
Event: 208.759 Thread 0x000001c1de7c6d00 Exception <a 'java/lang/ClassNotFoundException'{0x00000000eb593fa0}: sun/net/www/protocol/jdt/Handler> (0x00000000eb593fa0) 
thrown [s\src\hotspot\share\classfile\systemDictionary.cpp, line 256]
Event: 208.759 Thread 0x000001c1de7c6d00 Exception <a 'java/lang/ClassNotFoundException'{0x00000000eb5960d8}: sun/net/www/protocol/jdt/Handler> (0x00000000eb5960d8) 
thrown [s\src\hotspot\share\classfile\systemDictionary.cpp, line 256]
Event: 208.759 Thread 0x000001c1de7c6d00 Exception <a 'java/lang/ClassNotFoundException'{0x00000000eb5990a8}: sun/net/www/protocol/jdt/Handler> (0x00000000eb5990a8) 
thrown [s\src\hotspot\share\classfile\systemDictionary.cpp, line 256]
Event: 208.759 Thread 0x000001c1de7c6d00 Exception <a 'java/lang/ClassNotFoundException'{0x00000000eb59c9f0}: sun/net/www/protocol/jdt/Handler> (0x00000000eb59c9f0) 
thrown [s\src\hotspot\share\classfile\systemDictionary.cpp, line 256]
Event: 208.759 Thread 0x000001c1de7c6d00 Exception <a 'java/lang/ClassNotFoundException'{0x00000000eb59edd8}: sun/net/www/protocol/jdt/Handler> (0x00000000eb59edd8) 
thrown [s\src\hotspot\share\classfile\systemDictionary.cpp, line 256]
Event: 208.771 Thread 0x000001c1de7c6d00 Exception <a 'java/lang/ClassNotFoundException'{0x00000000eb3cc858}: sun/net/www/protocol/jdt/Handler> (0x00000000eb3cc858) 
thrown [s\src\hotspot\share\classfile\systemDictionary.cpp, line 256]
Event: 208.771 Thread 0x000001c1de7c6d00 Exception <a 'java/lang/ClassNotFoundException'{0x00000000eb3ceeb0}: sun/net/www/protocol/jdt/Handler> (0x00000000eb3ceeb0) 
thrown [s\src\hotspot\share\classfile\systemDictionary.cpp, line 256]
Event: 210.172 Thread 0x000001c1dfd037a0 Exception <a 'java/lang/ArrayIndexOutOfBoundsException'{0x00000000eb2aa298}: Index 8 out of bounds for length 8> (0x00000000eb2aa298) 
thrown [s\src\hotspot\share\interpreter\interpreterRuntime.cpp, line 428]
Event: 210.172 Thread 0x000001c1dfd037a0 Exception <a 'java/lang/ArrayIndexOutOfBoundsException'{0x00000000eb2b5ac0}: Index 8 out of bounds for length 8> (0x00000000eb2b5ac0) 
thrown [s\src\hotspot\share\interpreter\interpreterRuntime.cpp, line 428]
Event: 210.172 Thread 0x000001c1dfd037a0 Exception <a 'java/lang/ArrayIndexOutOfBoundsException'{0x00000000eb2ba240}: Index 8 out of bounds for length 8> (0x00000000eb2ba240) 
thrown [s\src\hotspot\share\interpreter\interpreterRuntime.cpp, line 428]
Event: 241.687 Thread 0x000001c1db088210 Implicit null exception at 0x000001c1c8dce61d to 0x000001c1c8dd0118
Event: 243.550 Thread 0x000001c1de7c6d00 Exception <a 'java/lang/ClassNotFoundException'{0x00000000eadc6e90}: sun/net/www/protocol/jdt/Handler> (0x00000000eadc6e90) 
thrown [s\src\hotspot\share\classfile\systemDictionary.cpp, line 256]

VM Operations (20 events):
Event: 248.781 Executing VM operation: ParallelGCFailedAllocation done
Event: 249.062 Executing VM operation: ParallelGCFailedAllocation
Event: 249.063 Executing VM operation: ParallelGCFailedAllocation done
Event: 250.244 Executing VM operation: ParallelGCFailedAllocation
Event: 250.245 Executing VM operation: ParallelGCFailedAllocation done
Event: 250.699 Executing VM operation: ParallelGCFailedAllocation
Event: 250.704 Executing VM operation: ParallelGCFailedAllocation done
Event: 250.709 Executing VM operation: ParallelGCFailedAllocation
Event: 250.710 Executing VM operation: ParallelGCFailedAllocation done
Event: 252.515 Executing VM operation: ParallelGCFailedAllocation
Event: 252.517 Executing VM operation: ParallelGCFailedAllocation done
Event: 252.803 Executing VM operation: ParallelGCFailedAllocation
Event: 252.805 Executing VM operation: ParallelGCFailedAllocation done
Event: 252.916 Executing VM operation: ParallelGCFailedAllocation
Event: 252.917 Executing VM operation: ParallelGCFailedAllocation done
Event: 252.973 Executing VM operation: ParallelGCFailedAllocation
Event: 252.974 Executing VM operation: ParallelGCFailedAllocation done
Event: 252.979 Executing VM operation: ParallelGCFailedAllocation
Event: 252.980 Executing VM operation: ParallelGCFailedAllocation done
Event: 252.981 Executing VM operation: ParallelGCFailedAllocation

Memory protections (0 events):
No events

Nmethod flushes (20 events):
Event: 241.690 Thread 0x000001c1d6c1c580 flushing  nmethod 0x000001c1c90e3710
Event: 241.690 Thread 0x000001c1d6c1c580 flushing  nmethod 0x000001c1c9130690
Event: 241.690 Thread 0x000001c1d6c1c580 flushing  nmethod 0x000001c1c92bb390
Event: 241.690 Thread 0x000001c1d6c1c580 flushing  nmethod 0x000001c1c92d1010
Event: 241.690 Thread 0x000001c1d6c1c580 flushing  nmethod 0x000001c1c92d3790
Event: 241.690 Thread 0x000001c1d6c1c580 flushing  nmethod 0x000001c1c92e9210
Event: 241.690 Thread 0x000001c1d6c1c580 flushing  nmethod 0x000001c1c932bd90
Event: 241.690 Thread 0x000001c1d6c1c580 flushing  nmethod 0x000001c1c9336090
Event: 241.690 Thread 0x000001c1d6c1c580 flushing  nmethod 0x000001c1c9341410
Event: 241.690 Thread 0x000001c1d6c1c580 flushing  nmethod 0x000001c1c934fc10
Event: 241.690 Thread 0x000001c1d6c1c580 flushing  nmethod 0x000001c1c9354190
Event: 241.690 Thread 0x000001c1d6c1c580 flushing  nmethod 0x000001c1c938fd10
Event: 241.690 Thread 0x000001c1d6c1c580 flushing  nmethod 0x000001c1c93ac810
Event: 241.690 Thread 0x000001c1d6c1c580 flushing  nmethod 0x000001c1c93c2a90
Event: 241.690 Thread 0x000001c1d6c1c580 flushing  nmethod 0x000001c1c93c3590
Event: 241.690 Thread 0x000001c1d6c1c580 flushing  nmethod 0x000001c1c9402410
Event: 241.691 Thread 0x000001c1d6c1c580 flushing  nmethod 0x000001c1c9454390
Event: 241.691 Thread 0x000001c1d6c1c580 flushing  nmethod 0x000001c1c94d8890
Event: 241.697 Thread 0x000001c1d6c1c580 flushing  nmethod 0x000001c1c1b56490
Event: 241.702 Thread 0x000001c1d6c1c580 flushing  nmethod 0x000001c1c25abc10

Events (20 events):
Event: 203.693 Thread 0x000001c1ea245ac0 Thread exited: 0x000001c1ea245ac0
Event: 205.120 Thread 0x000001c1d6c1acf0 Thread added: 0x000001c1ea244ad0
Event: 205.611 Thread 0x000001c1ea244ad0 Thread exited: 0x000001c1ea244ad0
Event: 207.212 Thread 0x000001c1d6c1acf0 Thread added: 0x000001c1ea241b00
Event: 207.212 Thread 0x000001c1d6c1acf0 Thread added: 0x000001c1ea244ad0
Event: 207.236 Thread 0x000001c1d6c1acf0 Thread added: 0x000001c1ea248540
Event: 207.460 Thread 0x000001c1ea244ad0 Thread exited: 0x000001c1ea244ad0
Event: 207.460 Thread 0x000001c1ea241b00 Thread exited: 0x000001c1ea241b00
Event: 208.759 Thread 0x000001c1ea248540 Thread added: 0x000001c1ea246560
Event: 209.193 Thread 0x000001c1ea246560 Thread exited: 0x000001c1ea246560
Event: 210.185 Thread 0x000001c1d6c1acf0 Thread added: 0x000001c1ea245570
Event: 210.187 Thread 0x000001c1d6c1acf0 Thread added: 0x000001c1ea245020
Event: 210.190 Thread 0x000001c1ea245020 Thread added: 0x000001c1ea2415b0
Event: 211.069 Thread 0x000001c1ea2415b0 Thread exited: 0x000001c1ea2415b0
Event: 211.069 Thread 0x000001c1ea245020 Thread exited: 0x000001c1ea245020
Event: 211.069 Thread 0x000001c1ea245570 Thread exited: 0x000001c1ea245570
Event: 213.428 Thread 0x000001c1ea248540 Thread exited: 0x000001c1ea248540
Event: 241.693 Thread 0x000001c1d6c1acf0 Thread added: 0x000001c1ea245020
Event: 241.866 Thread 0x000001c1ea245020 Thread exited: 0x000001c1ea245020
Event: 244.110 Thread 0x000001c1dfa63cb0 Thread exited: 0x000001c1dfa63cb0


Dynamic libraries:
0x00007ff6e4da0000 - 0x00007ff6e4dae000 	c:\Users\E2Ps ICT\.vscode\extensions\redhat.java-1.36.0-win32-x64\jre\17.0.13-win32-x86_64\bin\java.exe
0x00007ffcbf950000 - 0x00007ffcbfb67000 	C:\WINDOWS\SYSTEM32\ntdll.dll
0x00007ffcbeb00000 - 0x00007ffcbebc4000 	C:\WINDOWS\System32\KERNEL32.DLL
0x00007ffcbcc60000 - 0x00007ffcbd017000 	C:\WINDOWS\System32\KERNELBASE.dll
0x00007ffcbd1e0000 - 0x00007ffcbd2f1000 	C:\WINDOWS\System32\ucrtbase.dll
0x00007ffc89990000 - 0x00007ffc899a7000 	c:\Users\E2Ps ICT\.vscode\extensions\redhat.java-1.36.0-win32-x64\jre\17.0.13-win32-x86_64\bin\jli.dll
0x00007ffc828d0000 - 0x00007ffc828ee000 	c:\Users\E2Ps ICT\.vscode\extensions\redhat.java-1.36.0-win32-x64\jre\17.0.13-win32-x86_64\bin\VCRUNTIME140.dll
0x00007ffcbecd0000 - 0x00007ffcbee7f000 	C:\WINDOWS\System32\USER32.dll
0x00007ffcbd590000 - 0x00007ffcbd5b6000 	C:\WINDOWS\System32\win32u.dll
0x00007ffc9a5c0000 - 0x00007ffc9a853000 	C:\WINDOWS\WinSxS\amd64_microsoft.windows.common-controls_6595b64144ccf1df_6.0.22621.3672_none_2713b9d173822955\COMCTL32.dll
0x00007ffcbf8e0000 - 0x00007ffcbf909000 	C:\WINDOWS\System32\GDI32.dll
0x00007ffcbf320000 - 0x00007ffcbf3c7000 	C:\WINDOWS\System32\msvcrt.dll
0x00007ffcbd300000 - 0x00007ffcbd418000 	C:\WINDOWS\System32\gdi32full.dll
0x00007ffcbd140000 - 0x00007ffcbd1da000 	C:\WINDOWS\System32\msvcp_win.dll
0x00007ffcbe790000 - 0x00007ffcbe7c1000 	C:\WINDOWS\System32\IMM32.DLL
0x00007ffc98240000 - 0x00007ffc9824c000 	c:\Users\E2Ps ICT\.vscode\extensions\redhat.java-1.36.0-win32-x64\jre\17.0.13-win32-x86_64\bin\vcruntime140_1.dll
0x00007ffc82840000 - 0x00007ffc828cd000 	c:\Users\E2Ps ICT\.vscode\extensions\redhat.java-1.36.0-win32-x64\jre\17.0.13-win32-x86_64\bin\msvcp140.dll
0x00007ffc7eff0000 - 0x00007ffc7fc5b000 	c:\Users\E2Ps ICT\.vscode\extensions\redhat.java-1.36.0-win32-x64\jre\17.0.13-win32-x86_64\bin\server\jvm.dll
0x00007ffcbea40000 - 0x00007ffcbeaf2000 	C:\WINDOWS\System32\ADVAPI32.dll
0x00007ffcbf830000 - 0x00007ffcbf8d8000 	C:\WINDOWS\System32\sechost.dll
0x00007ffcbd110000 - 0x00007ffcbd138000 	C:\WINDOWS\System32\bcrypt.dll
0x00007ffcbf3d0000 - 0x00007ffcbf4e4000 	C:\WINDOWS\System32\RPCRT4.dll
0x00007ffcbdc60000 - 0x00007ffcbdcd1000 	C:\WINDOWS\System32\WS2_32.dll
0x00007ffcbbb10000 - 0x00007ffcbbb5d000 	C:\WINDOWS\SYSTEM32\POWRPROF.dll
0x00007ffcb1020000 - 0x00007ffcb1054000 	C:\WINDOWS\SYSTEM32\WINMM.dll
0x00007ffcb0d20000 - 0x00007ffcb0d2a000 	C:\WINDOWS\SYSTEM32\VERSION.dll
0x00007ffcbbaf0000 - 0x00007ffcbbb03000 	C:\WINDOWS\SYSTEM32\UMPDC.dll
0x00007ffcbbda0000 - 0x00007ffcbbdb8000 	C:\WINDOWS\SYSTEM32\kernel.appcore.dll
0x00007ffc98050000 - 0x00007ffc9805a000 	c:\Users\E2Ps ICT\.vscode\extensions\redhat.java-1.36.0-win32-x64\jre\17.0.13-win32-x86_64\bin\jimage.dll
0x00007ffca0790000 - 0x00007ffca09c2000 	C:\WINDOWS\SYSTEM32\DBGHELP.DLL
0x00007ffcbef80000 - 0x00007ffcbf30e000 	C:\WINDOWS\System32\combase.dll
0x00007ffcbe660000 - 0x00007ffcbe737000 	C:\WINDOWS\System32\OLEAUT32.dll
0x00007ffc9f910000 - 0x00007ffc9f942000 	C:\WINDOWS\SYSTEM32\dbgcore.DLL
0x00007ffcbd090000 - 0x00007ffcbd10b000 	C:\WINDOWS\System32\bcryptPrimitives.dll
0x00007ffc96dd0000 - 0x00007ffc96dde000 	c:\Users\E2Ps ICT\.vscode\extensions\redhat.java-1.36.0-win32-x64\jre\17.0.13-win32-x86_64\bin\instrument.dll
0x00007ffc82810000 - 0x00007ffc82835000 	c:\Users\E2Ps ICT\.vscode\extensions\redhat.java-1.36.0-win32-x64\jre\17.0.13-win32-x86_64\bin\java.dll
0x00007ffc827f0000 - 0x00007ffc82808000 	c:\Users\E2Ps ICT\.vscode\extensions\redhat.java-1.36.0-win32-x64\jre\17.0.13-win32-x86_64\bin\zip.dll
0x00007ffcbddf0000 - 0x00007ffcbe659000 	C:\WINDOWS\System32\SHELL32.dll
0x00007ffcbabd0000 - 0x00007ffcbb4cf000 	C:\WINDOWS\SYSTEM32\windows.storage.dll
0x00007ffcbaa90000 - 0x00007ffcbabcf000 	C:\WINDOWS\SYSTEM32\wintypes.dll
0x00007ffcbdce0000 - 0x00007ffcbddd9000 	C:\WINDOWS\System32\SHCORE.dll
0x00007ffcbf4f0000 - 0x00007ffcbf54e000 	C:\WINDOWS\System32\shlwapi.dll
0x00007ffcbcb90000 - 0x00007ffcbcbb7000 	C:\WINDOWS\SYSTEM32\profapi.dll
0x00007ffc827d0000 - 0x00007ffc827e9000 	C:\Users\E2Ps ICT\.vscode\extensions\redhat.java-1.36.0-win32-x64\jre\17.0.13-win32-x86_64\bin\net.dll
0x00007ffcb88a0000 - 0x00007ffcb89d6000 	C:\WINDOWS\SYSTEM32\WINHTTP.dll
0x00007ffcbc210000 - 0x00007ffcbc279000 	C:\WINDOWS\system32\mswsock.dll
0x00007ffc827b0000 - 0x00007ffc827c6000 	C:\Users\E2Ps ICT\.vscode\extensions\redhat.java-1.36.0-win32-x64\jre\17.0.13-win32-x86_64\bin\nio.dll
0x00007ffc96660000 - 0x00007ffc96670000 	c:\Users\E2Ps ICT\.vscode\extensions\redhat.java-1.36.0-win32-x64\jre\17.0.13-win32-x86_64\bin\verify.dll
0x00007ffc9db70000 - 0x00007ffc9dbb5000 	C:\Users\E2Ps ICT\AppData\Roaming\Code\User\globalStorage\redhat.java\1.36.0\config_win\org.eclipse.equinox.launcher\org.eclipse.equinox.launcher.win32.win32.x86_64_1.2.1100.v20240722-2106\eclipse_11904.dll
0x00007ffcbf680000 - 0x00007ffcbf825000 	C:\WINDOWS\System32\ole32.dll
0x00007ffcb9eb0000 - 0x00007ffcb9eba000 	C:\Users\E2Ps ICT\.vscode\extensions\redhat.java-1.36.0-win32-x64\jre\17.0.13-win32-x86_64\bin\management.dll
0x00007ffcb84f0000 - 0x00007ffcb84fb000 	C:\Users\E2Ps ICT\.vscode\extensions\redhat.java-1.36.0-win32-x64\jre\17.0.13-win32-x86_64\bin\management_ext.dll
0x00007ffcbf670000 - 0x00007ffcbf678000 	C:\WINDOWS\System32\PSAPI.DLL
0x00007ffcbc460000 - 0x00007ffcbc47b000 	C:\WINDOWS\SYSTEM32\CRYPTSP.dll
0x00007ffcbbd00000 - 0x00007ffcbbd35000 	C:\WINDOWS\system32\rsaenh.dll
0x00007ffcbc300000 - 0x00007ffcbc328000 	C:\WINDOWS\SYSTEM32\USERENV.dll
0x00007ffcbc480000 - 0x00007ffcbc48c000 	C:\WINDOWS\SYSTEM32\CRYPTBASE.dll
0x00007ffcbb7b0000 - 0x00007ffcbb7dd000 	C:\WINDOWS\SYSTEM32\IPHLPAPI.DLL
0x00007ffcbf310000 - 0x00007ffcbf319000 	C:\WINDOWS\System32\NSI.dll
0x00007ffcb8a80000 - 0x00007ffcb8a99000 	C:\WINDOWS\SYSTEM32\dhcpcsvc6.DLL
0x00007ffcb8660000 - 0x00007ffcb867f000 	C:\WINDOWS\SYSTEM32\dhcpcsvc.DLL
0x00007ffcbb7e0000 - 0x00007ffcbb8e2000 	C:\WINDOWS\SYSTEM32\DNSAPI.dll
0x00007ffc9d6b0000 - 0x00007ffc9d6f9000 	C:\Users\E2Ps ICT\AppData\Local\Temp\jna--477064758\jna5003575778106447315.dll
0x00007ffcacaa0000 - 0x00007ffcacaae000 	C:\Users\E2Ps ICT\.vscode\extensions\redhat.java-1.36.0-win32-x64\jre\17.0.13-win32-x86_64\bin\sunmscapi.dll
0x00007ffcbd420000 - 0x00007ffcbd586000 	C:\WINDOWS\System32\CRYPT32.dll
0x00007ffcbc620000 - 0x00007ffcbc64d000 	C:\WINDOWS\SYSTEM32\ncrypt.dll
0x00007ffcbc5e0000 - 0x00007ffcbc617000 	C:\WINDOWS\SYSTEM32\NTASN1.dll
0x00007ffcb8d00000 - 0x00007ffcb8d0a000 	C:\Windows\System32\rasadhlp.dll
0x00007ffcb5c90000 - 0x00007ffcb5d13000 	C:\WINDOWS\System32\fwpuclnt.dll
0x00007ffcabce0000 - 0x00007ffcabce9000 	C:\Users\E2Ps ICT\.vscode\extensions\redhat.java-1.36.0-win32-x64\jre\17.0.13-win32-x86_64\bin\extnet.dll
0x00007ffcbbeb0000 - 0x00007ffcbbee4000 	C:\WINDOWS\SYSTEM32\ntmarta.dll

dbghelp: loaded successfully - version: 4.0.5 - missing functions: none
symbol engine: initialized successfully - sym options: 0x614 - pdb path: .;c:\Users\E2Ps ICT\.vscode\extensions\redhat.java-1.36.0-win32-x64\jre\17.0.13-win32-x86_64\bin;C:\WINDOWS\SYSTEM32;C:\WINDOWS\WinSxS\amd64_microsoft.windows.common-controls_6595b64144ccf1df_6.0.22621.3672_none_2713b9d173822955;c:\Users\E2Ps ICT\.vscode\extensions\redhat.java-1.36.0-win32-x64\jre\17.0.13-win32-x86_64\bin\server;C:\Users\E2Ps ICT\AppData\Roaming\Code\User\globalStorage\redhat.java\1.36.0\config_win\org.eclipse.equinox.launcher\org.eclipse.equinox.launcher.win32.win32.x86_64_1.2.1100.v20240722-2106;C:\Users\E2Ps ICT\AppData\Local\Temp\jna--477064758

VM Arguments:
jvm_args: --add-modules=ALL-SYSTEM --add-opens=java.base/java.util=ALL-UNNAMED --add-opens=java.base/java.lang=ALL-UNNAMED --add-opens=java.base/sun.nio.fs=ALL-UNNAMED -Declipse.application=org.eclipse.jdt.ls.core.id1 -Dosgi.bundles.defaultStartLevel=4 -Declipse.product=org.eclipse.jdt.ls.core.product -Djava.import.generatesMetadataFilesAtProjectRoot=false -DDetectVMInstallationsJob.disabled=true -Dfile.encoding=utf8 -XX:+UseParallelGC -XX:GCTimeRatio=4 -XX:AdaptiveSizePolicyWeight=90 -Dsun.zip.disableMemoryMapping=true -Xmx1G -Xms100m -Xlog:disable -javaagent:c:\Users\E2Ps ICT\.vscode\extensions\redhat.java-1.36.0-win32-x64\lombok\lombok-1.18.35.jar -XX:+HeapDumpOnOutOfMemoryError -XX:HeapDumpPath=c:\Users\E2Ps ICT\AppData\Roaming\Code\User\workspaceStorage\50988126d49c3e6e2ac9cc652b034ccd\redhat.java -Daether.dependencyCollector.impl=bf 
java_command: c:\Users\E2Ps ICT\.vscode\extensions\redhat.java-1.36.0-win32-x64\server\plugins\org.eclipse.equinox.launcher_1.6.900.v20240613-2009.jar -configuration c:\Users\E2Ps ICT\AppData\Roaming\Code\User\globalStorage\redhat.java\1.36.0\config_win -data c:\Users\E2Ps ICT\AppData\Roaming\Code\User\workspaceStorage\50988126d49c3e6e2ac9cc652b034ccd\redhat.java\jdt_ws --pipe=\\.\pipe\lsp-9cb3ae91d383ea9c7f77c0918daa3a62-sock
java_class_path (initial): c:\Users\E2Ps ICT\.vscode\extensions\redhat.java-1.36.0-win32-x64\server\plugins\org.eclipse.equinox.launcher_1.6.900.v20240613-2009.jar
Launcher Type: SUN_STANDARD

[Global flags]
    uintx AdaptiveSizePolicyWeight                 = 90                                        {product} {command line}
     intx CICompilerCount                          = 12                                        {product} {ergonomic}
    uintx GCTimeRatio                              = 4                                         {product} {command line}
     bool HeapDumpOnOutOfMemoryError               = true                                   {manageable} {command line}
    ccstr HeapDumpPath                             = c:\Users\E2Ps ICT\AppData\Roaming\Code\User\workspaceStorage\50988126d49c3e6e2ac9cc652b034ccd\redhat.java         {manageable} {command line}
   size_t InitialHeapSize                          = 104857600                                 {product} {command line}
   size_t MaxHeapSize                              = 1073741824                                {product} {command line}
   size_t MaxNewSize                               = 357564416                                 {product} {ergonomic}
   size_t MinHeapDeltaBytes                        = 524288                                    {product} {ergonomic}
   size_t MinHeapSize                              = 104857600                                 {product} {command line}
   size_t NewSize                                  = 34603008                                  {product} {ergonomic}
    uintx NonNMethodCodeHeapSize                   = 7602480                                {pd product} {ergonomic}
    uintx NonProfiledCodeHeapSize                  = 122027880                              {pd product} {ergonomic}
   size_t OldSize                                  = 70254592                                  {product} {ergonomic}
    uintx ProfiledCodeHeapSize                     = 122027880                              {pd product} {ergonomic}
    uintx ReservedCodeCacheSize                    = 251658240                              {pd product} {ergonomic}
     bool SegmentedCodeCache                       = true                                      {product} {ergonomic}
   size_t SoftMaxHeapSize                          = 1073741824                             {manageable} {ergonomic}
     bool UseCompressedClassPointers               = true                           {product lp64_product} {ergonomic}
     bool UseCompressedOops                        = true                           {product lp64_product} {ergonomic}
     bool UseLargePagesIndividualAllocation        = false                                  {pd product} {ergonomic}
     bool UseParallelGC                            = true                                      {product} {command line}

Logging:
Log output configuration:
 #0: stdout all=off uptime,level,tags
 #1: stderr all=off uptime,level,tags

Environment Variables:
JAVA_HOME=C:\Program Files\Eclipse Adoptium\jdk-21.0.4.7-hotspot\
PATH=C:\Program Files\Eclipse Adoptium\jdk-21.0.4.7-hotspot\bin;C:\Program Files\Eclipse Adoptium\jre-17.0.12.7-hotspot\bin;C:\Program Files\Eclipse Adoptium\jdk-17.0.12.7-hotspot\bin;C:\WINDOWS\system32;C:\WINDOWS;C:\WINDOWS\System32\Wbem;C:\WINDOWS\System32\WindowsPowerShell\v1.0\;C:\WINDOWS\System32\OpenSSH\;C:\Program Files\apache-maven-3.9.9\bin;C:\Program Files\Git\cmd;C:\Users\E2Ps ICT\AppData\Local\Microsoft\WindowsApps;C:\Users\E2Ps ICT\AppData\Local\Programs\Microsoft VS Code\bin
USERNAME=E2Ps ICT
OS=Windows_NT
PROCESSOR_IDENTIFIER=Intel64 Family 6 Model 151 Stepping 2, GenuineIntel
TMP=C:\Users\E2PSIC~1\AppData\Local\Temp
TEMP=C:\Users\E2PSIC~1\AppData\Local\Temp



Periodic native trim disabled


---------------  S Y S T E M  ---------------

OS:
 Windows 11 , 64 bit Build 22621 (10.0.22621.3958)
OS uptime: 2 days 7:25 hours

CPU: total 20 (initial active 20) (10 cores per cpu, 2 threads per core) family 6 model 151 stepping 2 microcode 0x26, cx8, cmov, fxsr, ht, mmx, 3dnowpref, sse, sse2, sse3, ssse3, sse4.1, sse4.2, popcnt, lzcnt, tsc, tscinvbit, avx, avx2, aes, erms, clmul, bmi1, bmi2, adx, sha, fma, vzeroupper, clflush, clflushopt, clwb
Processor Information for all 20 processors :
  Max Mhz: 3600, Current Mhz: 3600, Mhz Limit: 3600

Memory: 4k page, system-wide physical 32538M (24128M free)
TotalPageFile size 37402M (AvailPageFile size 27944M)
current process WorkingSet (physical memory assigned to process): 800M, peak: 930M
current process commit charge ("private bytes"): 714M, peak: 885M

vm_info: OpenJDK 64-Bit Server VM (17.0.13+11) for windows-amd64 JRE (17.0.13+11), built on Oct 16 2024 00:10:08 by "admin" with MS VC++ 17.7 (VS2022)

END.
